Watching for file changes with StatReloader
Waiting for apps ready_event.
Apps ready_event triggered. Sending autoreload_started signal.
Watching dir /usr/local/lib/python3.9/site-packages/allauth/templates with glob **/*.
Watching dir /app/templates with glob **/*.
Watching dir /app/locale with glob **/*.mo.
Watching dir /usr/local/lib/python3.9/site-packages/django_prometheus/locale with glob **/*.mo.
Watching dir /usr/local/lib/python3.9/site-packages/allauth/locale with glob **/*.mo.
Watching dir /usr/local/lib/python3.9/site-packages/allauth/account/locale with glob **/*.mo.
Watching dir /usr/local/lib/python3.9/site-packages/allauth/socialaccount/locale with glob **/*.mo.
Watching dir /usr/local/lib/python3.9/site-packages/allauth/socialaccount/providers/google/locale with glob **/*.mo.
File /usr/local/lib/python3.9/site-packages/django/db/models/constants.py first seen with mtime 1731064962.0
File /usr/local/lib/python3.9/email/quoprimime.py first seen with mtime 1729310323.0
File /usr/local/lib/python3.9/site-packages/django/utils/functional.py first seen with mtime 1731064962.0
File /usr/local/lib/python3.9/urllib/parse.py first seen with mtime 1729310323.0
File /usr/local/lib/python3.9/site-packages/django/contrib/admin/options.py first seen with mtime 1731064961.0
File /usr/local/lib/python3.9/site-packages/django/core/serializers/__init__.py first seen with mtime 1731064962.0
File /usr/local/lib/python3.9/site-packages/django/contrib/admin/filters.py first seen with mtime 1731064961.0
File /usr/local/lib/python3.9/lib-dynload/_heapq.cpython-39-x86_64-linux-gnu.so first seen with mtime 1729310299.0
File /usr/local/lib/python3.9/lib-dynload/_uuid.cpython-39-x86_64-linux-gnu.so first seen with mtime 1729310313.0
File /usr/local/lib/python3.9/lib-dynload/_ssl.cpython-39-x86_64-linux-gnu.so first seen with mtime 1729310306.0
File /usr/local/lib/python3.9/site-packages/sqlparse/formatter.py first seen with mtime 1731064960.0
File /usr/local/lib/python3.9/site-packages/django/template/smartif.py first seen with mtime 1731064962.0
File /usr/local/lib/python3.9/site-packages/django/template/defaultfilters.py first seen with mtime 1731064962.0
File /usr/local/lib/python3.9/site-packages/django/utils/__init__.py first seen with mtime 1731064962.0
File /usr/local/lib/python3.9/site-packages/django/contrib/messages/__init__.py first seen with mtime 1731064962.0
File /usr/local/lib/python3.9/site-packages/django/utils/encoding.py first seen with mtime 1731064962.0
File /usr/local/lib/python3.9/site-packages/django/views/decorators/csrf.py first seen with mtime 1731064962.0
File /usr/local/lib/python3.9/site-packages/django/contrib/contenttypes/checks.py first seen with mtime 1731064961.0
File /usr/local/lib/python3.9/site-packages/django/contrib/sites/management.py first seen with mtime 1731064962.0
File /usr/local/lib/python3.9/site-packages/django/db/migrations/operations/__init__.py first seen with mtime 1731064962.0
File /usr/local/lib/python3.9/site-packages/django/utils/text.py first seen with mtime 1731064962.0
File /usr/local/lib/python3.9/site-packages/prometheus_client/openmetrics/exposition.py first seen with mtime 1731064960.0
File /usr/local/lib/python3.9/logging/__init__.py first seen with mtime 1729310323.0
File /usr/local/lib/python3.9/site-packages/cryptography/hazmat/primitives/asymmetric/ec.py first seen with mtime 1731064963.0
File /usr/local/lib/python3.9/site-packages/django/db/backends/postgresql/__init__.py first seen with mtime 1731064962.0
File /usr/local/lib/python3.9/hmac.py first seen with mtime 1729310321.0
File /usr/local/lib/python3.9/site-packages/allauth/account/internal/flows/logout.py first seen with mtime 1731064963.0
File /usr/local/lib/python3.9/site-packages/jwt/types.py first seen with mtime 1731064960.0
File /usr/local/lib/python3.9/site-packages/allauth/core/ratelimit.py first seen with mtime 1731064963.0
File /usr/local/lib/python3.9/site-packages/django/utils/_os.py first seen with mtime 1731064962.0
File /usr/local/lib/python3.9/site-packages/django/utils/cache.py first seen with mtime 1731064962.0
File /usr/local/lib/python3.9/site-packages/cryptography/x509/verification.py first seen with mtime 1731064963.0
File /usr/local/lib/python3.9/site-packages/django/contrib/staticfiles/finders.py first seen with mtime 1731064962.0
File /usr/local/lib/python3.9/site-packages/django/template/loader.py first seen with mtime 1731064962.0
File /usr/local/lib/python3.9/lib-dynload/_posixsubprocess.cpython-39-x86_64-linux-gnu.so first seen with mtime 1729310303.0
File /usr/local/lib/python3.9/site-packages/requests/packages.py first seen with mtime 1731064961.0
File /usr/local/lib/python3.9/site-packages/django/template/engine.py first seen with mtime 1731064962.0
File /usr/local/lib/python3.9/site-packages/django/utils/translation/__init__.py first seen with mtime 1731064962.0
File /usr/local/lib/python3.9/site-packages/django/template/utils.py first seen with mtime 1731064962.0
File /usr/local/lib/python3.9/ipaddress.py first seen with mtime 1729310321.0
File /usr/local/lib/python3.9/site-packages/allauth/socialaccount/providers/oauth2/__init__.py first seen with mtime 1731064964.0
File /usr/local/lib/python3.9/site-packages/django/db/backends/dummy/features.py first seen with mtime 1731064962.0
File /usr/local/lib/python3.9/site-packages/django/core/checks/files.py first seen with mtime 1731064962.0
File /usr/local/lib/python3.9/site-packages/django/contrib/admin/utils.py first seen with mtime 1731064961.0
File /usr/local/lib/python3.9/asyncio/queues.py first seen with mtime 1729310323.0
File /usr/local/lib/python3.9/site-packages/django/db/models/functions/__init__.py first seen with mtime 1731064962.0
File /usr/local/lib/python3.9/site-packages/django/db/models/fields/json.py first seen with mtime 1731064962.0
File /usr/local/lib/python3.9/site-packages/urllib3/_collections.py first seen with mtime 1731064960.0
File /usr/local/lib/python3.9/site-packages/django/db/models/functions/text.py first seen with mtime 1731064962.0
File /usr/local/lib/python3.9/site-packages/django/db/backends/utils.py first seen with mtime 1731064962.0
File /usr/local/lib/python3.9/site-packages/django/contrib/auth/decorators.py first seen with mtime 1731064961.0
File /usr/local/lib/python3.9/site-packages/allauth/socialaccount/providers/oauth2/views.py first seen with mtime 1731064964.0
File /usr/local/lib/python3.9/html/parser.py first seen with mtime 1729310323.0
File /usr/local/lib/python3.9/site-packages/requests/certs.py first seen with mtime 1731064960.0
File /usr/local/lib/python3.9/zoneinfo/__init__.py first seen with mtime 1729310324.0
File /usr/local/lib/python3.9/site-packages/jwt/jwk_set_cache.py first seen with mtime 1731064960.0
(0.018) 
            SELECT
                c.relname,
                CASE
                    WHEN c.relispartition THEN 'p'
                    WHEN c.relkind IN ('m', 'v') THEN 'v'
                    ELSE 't'
                END,
                obj_description(c.oid, 'pg_class')
            FROM pg_catalog.pg_class c
            LEFT JOIN pg_catalog.pg_namespace n ON n.oid = c.relnamespace
            WHERE c.relkind IN ('f', 'm', 'p', 'r', 'v')
                AND n.nspname NOT IN ('pg_catalog', 'pg_toast')
                AND pg_catalog.pg_table_is_visible(c.oid)
        ; args=None; alias=default
File /usr/local/lib/python3.9/shutil.py first seen with mtime 1729310321.0
File /usr/local/lib/python3.9/lib-dynload/_hashlib.cpython-39-x86_64-linux-gnu.so first seen with mtime 1729310306.0
File /usr/local/lib/python3.9/site-packages/allauth/account/internal/__init__.py first seen with mtime 1731064963.0
File /usr/local/lib/python3.9/site-packages/django/forms/boundfield.py first seen with mtime 1731064962.0
File /usr/local/lib/python3.9/site-packages/django/db/backends/base/creation.py first seen with mtime 1731064962.0
File /usr/local/lib/python3.9/asyncio/sslproto.py first seen with mtime 1729310323.0
File /usr/local/lib/python3.9/site-packages/django_prometheus/__init__.py first seen with mtime 1731064961.0
File /usr/local/lib/python3.9/site-packages/django/core/serializers/python.py first seen with mtime 1731064962.0
File /usr/local/lib/python3.9/site-packages/django/db/models/sql/subqueries.py first seen with mtime 1731064962.0
File /usr/local/lib/python3.9/site-packages/django/core/checks/translation.py first seen with mtime 1731064962.0
File /usr/local/lib/python3.9/site-packages/django/db/models/expressions.py first seen with mtime 1731064962.0
File /usr/local/lib/python3.9/site-packages/django/db/backends/postgresql/operations.py first seen with mtime 1731064962.0
File /usr/local/lib/python3.9/site-packages/django/utils/crypto.py first seen with mtime 1731064962.0
(0.002) SELECT "django_migrations"."id", "django_migrations"."app", "django_migrations"."name", "django_migrations"."applied" FROM "django_migrations"; args=(); alias=default
File /usr/local/lib/python3.9/site-packages/django/utils/inspect.py first seen with mtime 1731064962.0
File /usr/local/lib/python3.9/site-packages/cryptography/hazmat/_oid.py first seen with mtime 1731064963.0
File /usr/local/lib/python3.9/site-packages/django/contrib/admin/views/main.py first seen with mtime 1731064961.0
File /usr/local/lib/python3.9/site-packages/sqlparse/lexer.py first seen with mtime 1731064960.0
File /usr/local/lib/python3.9/site-packages/django/utils/termcolors.py first seen with mtime 1731064962.0
File /usr/local/lib/python3.9/site-packages/django/core/checks/compatibility/django_4_0.py first seen with mtime 1731064962.0
File /usr/local/lib/python3.9/site-packages/django/views/decorators/__init__.py first seen with mtime 1731064962.0
File /usr/local/lib/python3.9/asyncio/base_tasks.py first seen with mtime 1729310323.0
File /usr/local/lib/python3.9/site-packages/django/core/files/storage/mixins.py first seen with mtime 1731064962.0
File /usr/local/lib/python3.9/site-packages/django/core/files/storage/memory.py first seen with mtime 1731064962.0
File /usr/local/lib/python3.9/lib-dynload/_multibytecodec.cpython-39-x86_64-linux-gnu.so first seen with mtime 1729310311.0
File /usr/local/lib/python3.9/site-packages/django/template/loaders/app_directories.py first seen with mtime 1731064962.0
File /usr/local/lib/python3.9/site-packages/allauth/account/internal/flows/reauthentication.py first seen with mtime 1731064963.0
File /usr/local/lib/python3.9/site-packages/django/views/generic/__init__.py first seen with mtime 1731064962.0
File /usr/local/lib/python3.9/site-packages/allauth/socialaccount/models.py first seen with mtime 1731064964.0
File /app/myproject/__init__.py first seen with mtime 1731056397.141074
File /usr/local/lib/python3.9/site-packages/django/core/files/move.py first seen with mtime 1731064962.0
File /usr/local/lib/python3.9/site-packages/django/contrib/staticfiles/checks.py first seen with mtime 1731064962.0
File /usr/local/lib/python3.9/site-packages/allauth/__init__.py first seen with mtime 1731064963.0
File /usr/local/lib/python3.9/site-packages/allauth/account/authentication.py first seen with mtime 1731064963.0
File /usr/local/lib/python3.9/site-packages/django/core/exceptions.py first seen with mtime 1731064962.0
File /usr/local/lib/python3.9/site-packages/django/contrib/auth/admin.py first seen with mtime 1731064961.0
File /usr/local/lib/python3.9/email/generator.py first seen with mtime 1729310323.0
File /usr/local/lib/python3.9/site-packages/django/http/cookie.py first seen with mtime 1731064962.0
File /usr/local/lib/python3.9/site-packages/django/core/handlers/wsgi.py first seen with mtime 1731064962.0
File /usr/local/lib/python3.9/site-packages/allauth/account/app_settings.py first seen with mtime 1731064963.0
File /usr/local/lib/python3.9/site-packages/django/core/handlers/asgi.py first seen with mtime 1731064962.0
File /usr/local/lib/python3.9/site-packages/django/db/backends/base/introspection.py first seen with mtime 1731064962.0
File /usr/local/lib/python3.9/site-packages/django/template/exceptions.py first seen with mtime 1731064962.0
File /usr/local/lib/python3.9/site-packages/allauth/account/middleware.py first seen with mtime 1731064963.0
File /usr/local/lib/python3.9/site-packages/charset_normalizer/models.py first seen with mtime 1731064960.0
File /usr/local/lib/python3.9/contextlib.py first seen with mtime 1729310321.0
File /usr/local/lib/python3.9/site-packages/django/utils/module_loading.py first seen with mtime 1731064962.0
File /usr/local/lib/python3.9/site-packages/sqlparse/utils.py first seen with mtime 1731064960.0
File /usr/local/lib/python3.9/site-packages/allauth/templatetags/__init__.py first seen with mtime 1731064964.0
File /usr/local/lib/python3.9/site-packages/cryptography/x509/extensions.py first seen with mtime 1731064963.0
File /usr/local/lib/python3.9/lib-dynload/termios.cpython-39-x86_64-linux-gnu.so first seen with mtime 1729310307.0
File /usr/local/lib/python3.9/site-packages/django/core/files/storage/handler.py first seen with mtime 1731064962.0
File /usr/local/lib/python3.9/urllib/error.py first seen with mtime 1729310323.0
File /usr/local/lib/python3.9/site-packages/django/contrib/admin/exceptions.py first seen with mtime 1731064961.0
File /usr/local/lib/python3.9/site-packages/django/contrib/auth/models.py first seen with mtime 1731064961.0
File /usr/local/lib/python3.9/site-packages/django/utils/log.py first seen with mtime 1731064962.0
File /usr/local/lib/python3.9/site-packages/django/core/mail/utils.py first seen with mtime 1731064962.0
File /usr/local/lib/python3.9/site-packages/cryptography/hazmat/__init__.py first seen with mtime 1731064963.0
File /usr/local/lib/python3.9/site-packages/urllib3/util/connection.py first seen with mtime 1731064960.0
File /usr/local/lib/python3.9/lib-dynload/_contextvars.cpython-39-x86_64-linux-gnu.so first seen with mtime 1729310297.0
File /usr/local/lib/python3.9/site-packages/django/contrib/sites/admin.py first seen with mtime 1731064962.0
File /usr/local/lib/python3.9/site-packages/django/contrib/messages/storage/__init__.py first seen with mtime 1731064962.0
File /usr/local/lib/python3.9/site-packages/django/core/__init__.py first seen with mtime 1731064962.0
File /usr/local/lib/python3.9/sysconfig.py first seen with mtime 1729310321.0
File /usr/local/lib/python3.9/sre_constants.py first seen with mtime 1729310321.0
File /usr/local/lib/python3.9/site-packages/allauth/socialaccount/internal/flows/email_authentication.py first seen with mtime 1731064964.0
File /usr/local/lib/python3.9/heapq.py first seen with mtime 1729310321.0
File /usr/local/lib/python3.9/site-packages/django/utils/asyncio.py first seen with mtime 1731064962.0
File /usr/local/lib/python3.9/site-packages/django/contrib/contenttypes/fields.py first seen with mtime 1731064961.0
File /usr/local/lib/python3.9/site-packages/allauth/account/internal/flows/__init__.py first seen with mtime 1731064963.0
File /usr/local/lib/python3.9/html/__init__.py first seen with mtime 1729310323.0
File /usr/local/lib/python3.9/site-packages/django/db/backends/signals.py first seen with mtime 1731064962.0
File /usr/local/lib/python3.9/importlib/machinery.py first seen with mtime 1729310322.0
File /usr/local/lib/python3.9/uu.py first seen with mtime 1729310321.0
File /usr/local/lib/python3.9/site-packages/django/utils/dateformat.py first seen with mtime 1731064962.0
File /usr/local/lib/python3.9/site-packages/django/template/backends/base.py first seen with mtime 1731064962.0
File /usr/local/lib/python3.9/site-packages/django/core/checks/__init__.py first seen with mtime 1731064962.0
File /usr/local/lib/python3.9/site-packages/django/forms/fields.py first seen with mtime 1731064962.0
File /usr/local/lib/python3.9/site-packages/django/template/__init__.py first seen with mtime 1731064962.0
File /usr/local/lib/python3.9/email/_parseaddr.py first seen with mtime 1729310323.0
File /usr/local/lib/python3.9/site-packages/django/core/checks/compatibility/__init__.py first seen with mtime 1731064962.0
File /usr/local/lib/python3.9/email/header.py first seen with mtime 1729310323.0
File /usr/local/lib/python3.9/lib-dynload/_json.cpython-39-x86_64-linux-gnu.so first seen with mtime 1729310301.0
File /usr/local/lib/python3.9/site-packages/django/db/backends/ddl_references.py first seen with mtime 1731064962.0
File /usr/local/lib/python3.9/site-packages/django/template/autoreload.py first seen with mtime 1731064962.0
File /usr/local/lib/python3.9/site-packages/django/contrib/sites/models.py first seen with mtime 1731064962.0
File /usr/local/lib/python3.9/site-packages/urllib3/util/__init__.py first seen with mtime 1731064960.0
File /usr/local/lib/python3.9/encodings/utf_8.py first seen with mtime 1729310323.0
File /usr/local/lib/python3.9/site-packages/django/core/handlers/__init__.py first seen with mtime 1731064962.0
File /usr/local/lib/python3.9/base64.py first seen with mtime 1729310321.0
File /usr/local/lib/python3.9/token.py first seen with mtime 1729310321.0
File /usr/local/lib/python3.9/site-packages/asgiref/__init__.py first seen with mtime 1731064961.0
File /usr/local/lib/python3.9/site-packages/django/contrib/admin/__init__.py first seen with mtime 1731064961.0
File /app/myproject/settings.py first seen with mtime 1731064792.5941763
File /usr/local/lib/python3.9/site-packages/cryptography/hazmat/backends/__init__.py first seen with mtime 1731064963.0
File /usr/local/lib/python3.9/site-packages/django/contrib/auth/checks.py first seen with mtime 1731064961.0
File /usr/local/lib/python3.9/importlib/abc.py first seen with mtime 1729310322.0
File /usr/local/lib/python3.9/site-packages/django/db/backends/__init__.py first seen with mtime 1731064962.0
File /usr/local/lib/python3.9/site-packages/django/contrib/sessions/__init__.py first seen with mtime 1731064962.0
File /usr/local/lib/python3.9/concurrent/futures/__init__.py first seen with mtime 1729310323.0
File /usr/local/lib/python3.9/site-packages/requests/models.py first seen with mtime 1731064961.0
File /usr/local/lib/python3.9/site-packages/django/contrib/contenttypes/forms.py first seen with mtime 1731064961.0
File /usr/local/lib/python3.9/site-packages/django/db/backends/postgresql/creation.py first seen with mtime 1731064962.0
File /usr/local/lib/python3.9/site-packages/django/forms/forms.py first seen with mtime 1731064962.0
File /usr/local/lib/python3.9/zipfile.py first seen with mtime 1729310321.0
File /usr/local/lib/python3.9/asyncio/staggered.py first seen with mtime 1729310323.0
File /usr/local/lib/python3.9/site-packages/requests/hooks.py first seen with mtime 1731064961.0
File /usr/local/lib/python3.9/selectors.py first seen with mtime 1729310321.0
File /usr/local/lib/python3.9/lib-dynload/zlib.cpython-39-x86_64-linux-gnu.so first seen with mtime 1729310309.0
File /usr/local/lib/python3.9/email/mime/base.py first seen with mtime 1729310323.0
File /usr/local/lib/python3.9/mimetypes.py first seen with mtime 1729310321.0
File /usr/local/lib/python3.9/site-packages/django/core/management/color.py first seen with mtime 1731064962.0
File /usr/local/lib/python3.9/site-packages/django/db/models/deletion.py first seen with mtime 1731064962.0
File /usr/local/lib/python3.9/site-packages/cryptography/__about__.py first seen with mtime 1731064963.0
File /usr/local/lib/python3.9/site-packages/django/apps/__init__.py first seen with mtime 1731064961.0
File /usr/local/lib/python3.9/site-packages/django/views/generic/edit.py first seen with mtime 1731064962.0
File /usr/local/lib/python3.9/site-packages/django/contrib/admin/templatetags/admin_modify.py first seen with mtime 1731064961.0
File /usr/local/lib/python3.9/signal.py first seen with mtime 1729310321.0
File /usr/local/lib/python3.9/concurrent/futures/_base.py first seen with mtime 1729310323.0
File /usr/local/lib/python3.9/site-packages/django/core/checks/security/csrf.py first seen with mtime 1731064962.0
File /usr/local/lib/python3.9/importlib/resources.py first seen with mtime 1729310322.0
File /usr/local/lib/python3.9/site-packages/django/contrib/__init__.py first seen with mtime 1731064961.0
File /usr/local/lib/python3.9/http/server.py first seen with mtime 1729310323.0
File /usr/local/lib/python3.9/site-packages/django/views/static.py first seen with mtime 1731064962.0
File /usr/local/lib/python3.9/site-packages/django/contrib/contenttypes/__init__.py first seen with mtime 1731064961.0
File /usr/local/lib/python3.9/site-packages/prometheus_client/process_collector.py first seen with mtime 1731064960.0
File /usr/local/lib/python3.9/site-packages/jwt/warnings.py first seen with mtime 1731064960.0
File /usr/local/lib/python3.9/site-packages/urllib3/connection.py first seen with mtime 1731064960.0
File /usr/local/lib/python3.9/site-packages/django/utils/dates.py first seen with mtime 1731064962.0
File /usr/local/lib/python3.9/site-packages/django/contrib/auth/hashers.py first seen with mtime 1731064961.0
File /usr/local/lib/python3.9/site-packages/urllib3/util/ssltransport.py first seen with mtime 1731064960.0
File /usr/local/lib/python3.9/collections/abc.py first seen with mtime 1729310323.0
File /usr/local/lib/python3.9/site-packages/cryptography/hazmat/primitives/__init__.py first seen with mtime 1731064963.0
File /usr/local/lib/python3.9/site-packages/cryptography/hazmat/primitives/_cipheralgorithm.py first seen with mtime 1731064963.0
File /usr/local/lib/python3.9/wsgiref/handlers.py first seen with mtime 1729310323.0
File /usr/local/lib/python3.9/site-packages/urllib3/util/proxy.py first seen with mtime 1731064960.0
File /usr/local/lib/python3.9/site-packages/psycopg2/errors.py first seen with mtime 1731064960.0
File /usr/local/lib/python3.9/quopri.py first seen with mtime 1729310321.0
File /usr/local/lib/python3.9/site-packages/django/contrib/contenttypes/views.py first seen with mtime 1731064961.0
File /usr/local/lib/python3.9/site-packages/urllib3/util/wait.py first seen with mtime 1731064960.0
File /usr/local/lib/python3.9/site-packages/psycopg2/sql.py first seen with mtime 1731064960.0
File /usr/local/lib/python3.9/decimal.py first seen with mtime 1729310321.0
File /usr/local/lib/python3.9/site-packages/django/db/models/options.py first seen with mtime 1731064962.0
File /usr/local/lib/python3.9/site-packages/django/db/backends/postgresql/introspection.py first seen with mtime 1731064962.0
File /usr/local/lib/python3.9/keyword.py first seen with mtime 1729310321.0
File /usr/local/lib/python3.9/site-packages/psycopg2/extras.py first seen with mtime 1731064960.0
File /usr/local/lib/python3.9/reprlib.py first seen with mtime 1729310321.0
File /usr/local/lib/python3.9/abc.py first seen with mtime 1729310321.0
File /usr/local/lib/python3.9/site-packages/django/contrib/staticfiles/handlers.py first seen with mtime 1731064962.0
File /usr/local/lib/python3.9/site-packages/django/core/signing.py first seen with mtime 1731064962.0
File /usr/local/lib/python3.9/site-packages/sqlparse/__init__.py first seen with mtime 1731064960.0
File /usr/local/lib/python3.9/lib-dynload/_lzma.cpython-39-x86_64-linux-gnu.so first seen with mtime 1729310310.0
File /usr/local/lib/python3.9/site-packages/urllib3/__init__.py first seen with mtime 1731064960.0
File /usr/local/lib/python3.9/site-packages/certifi/core.py first seen with mtime 1731064960.0
File /usr/local/lib/python3.9/site-packages/cryptography/hazmat/decrepit/__init__.py first seen with mtime 1731064963.0
File /usr/local/lib/python3.9/site-packages/prometheus_client/platform_collector.py first seen with mtime 1731064960.0
File /usr/local/lib/python3.9/site-packages/psycopg2/_ipaddress.py first seen with mtime 1731064960.0
File /usr/local/lib/python3.9/site-packages/django/db/models/fields/reverse_related.py first seen with mtime 1731064962.0
File /usr/local/lib/python3.9/site-packages/django/db/backends/dummy/__init__.py first seen with mtime 1731064962.0
File /usr/local/lib/python3.9/site-packages/django/core/validators.py first seen with mtime 1731064962.0
File /usr/local/lib/python3.9/site-packages/prometheus_client/context_managers.py first seen with mtime 1731064960.0
File /usr/local/lib/python3.9/lib-dynload/_struct.cpython-39-x86_64-linux-gnu.so first seen with mtime 1729310298.0
File /usr/local/lib/python3.9/site-packages/_cffi_backend.cpython-39-x86_64-linux-gnu.so first seen with mtime 1731064961.0
File /usr/local/lib/python3.9/email/_policybase.py first seen with mtime 1729310323.0
File /usr/local/lib/python3.9/site-packages/cryptography/hazmat/primitives/asymmetric/padding.py first seen with mtime 1731064963.0
File /usr/local/lib/python3.9/site-packages/django/core/mail/__init__.py first seen with mtime 1731064962.0
File /usr/local/lib/python3.9/site-packages/sqlparse/tokens.py first seen with mtime 1731064960.0
File /usr/local/lib/python3.9/email/policy.py first seen with mtime 1729310323.0
File /usr/local/lib/python3.9/site-packages/prometheus_client/gc_collector.py first seen with mtime 1731064960.0
File /usr/local/lib/python3.9/site-packages/cryptography/hazmat/primitives/ciphers/__init__.py first seen with mtime 1731064963.0
File /usr/local/lib/python3.9/site-packages/django/db/utils.py first seen with mtime 1731064962.0
File /usr/local/lib/python3.9/site-packages/urllib3/http2/probe.py first seen with mtime 1731064960.0
File /usr/local/lib/python3.9/site-packages/charset_normalizer/constant.py first seen with mtime 1731064960.0
File /usr/local/lib/python3.9/site-packages/django/contrib/staticfiles/management/commands/__init__.py first seen with mtime 1731064962.0
File /usr/local/lib/python3.9/site-packages/django/contrib/sites/requests.py first seen with mtime 1731064962.0
File /usr/local/lib/python3.9/site-packages/django/utils/translation/trans_real.py first seen with mtime 1731064962.0
File /usr/local/lib/python3.9/fnmatch.py first seen with mtime 1729310321.0
File /usr/local/lib/python3.9/site-packages/django/contrib/messages/api.py first seen with mtime 1731064962.0
File /usr/local/lib/python3.9/site-packages/django/templatetags/l10n.py first seen with mtime 1731064962.0
File /usr/local/lib/python3.9/site-packages/allauth/socialaccount/internal/flows/login.py first seen with mtime 1731064964.0
File /usr/local/lib/python3.9/io.py first seen with mtime 1729310321.0
File /usr/local/lib/python3.9/site-packages/allauth/socialaccount/adapter.py first seen with mtime 1731064964.0
File /usr/local/lib/python3.9/site-packages/django/db/models/sql/__init__.py first seen with mtime 1731064962.0
File /usr/local/lib/python3.9/site-packages/django/db/models/utils.py first seen with mtime 1731064962.0
File /usr/local/lib/python3.9/site-packages/sqlparse/filters/__init__.py first seen with mtime 1731064960.0
File /usr/local/lib/python3.9/site-packages/django/core/serializers/base.py first seen with mtime 1731064962.0
File /usr/local/lib/python3.9/site-packages/django/contrib/sites/shortcuts.py first seen with mtime 1731064962.0
File /usr/local/lib/python3.9/site-packages/allauth/core/internal/httpkit.py first seen with mtime 1731064963.0
File /usr/local/lib/python3.9/lzma.py first seen with mtime 1729310321.0
File /usr/local/lib/python3.9/site-packages/django/db/backends/base/operations.py first seen with mtime 1731064962.0
File /usr/local/lib/python3.9/site-packages/allauth/account/managers.py first seen with mtime 1731064963.0
File /usr/local/lib/python3.9/site-packages/django/template/loaders/filesystem.py first seen with mtime 1731064962.0
File /usr/local/lib/python3.9/site-packages/django/core/management/base.py first seen with mtime 1731064962.0
File /usr/local/lib/python3.9/site-packages/django/core/checks/security/__init__.py first seen with mtime 1731064962.0
File /usr/local/lib/python3.9/site-packages/django/core/files/utils.py first seen with mtime 1731064962.0
File /usr/local/lib/python3.9/site-packages/django/utils/formats.py first seen with mtime 1731064962.0
File /usr/local/lib/python3.9/importlib/util.py first seen with mtime 1729310322.0
File /usr/local/lib/python3.9/site-packages/django/db/migrations/operations/base.py first seen with mtime 1731064962.0
File /usr/local/lib/python3.9/lib-dynload/_bz2.cpython-39-x86_64-linux-gnu.so first seen with mtime 1729310309.0
File /usr/local/lib/python3.9/site-packages/allauth/account/admin.py first seen with mtime 1731064963.0
File /usr/local/lib/python3.9/wsgiref/__init__.py first seen with mtime 1729310323.0
File /usr/local/lib/python3.9/site-packages/django/core/files/storage/base.py first seen with mtime 1731064962.0
File /usr/local/lib/python3.9/site-packages/sqlparse/filters/tokens.py first seen with mtime 1731064960.0
File /usr/local/lib/python3.9/site-packages/django/core/cache/backends/filebased.py first seen with mtime 1731064962.0
File /usr/local/lib/python3.9/urllib/__init__.py first seen with mtime 1729310323.0
File /usr/local/lib/python3.9/encodings/__init__.py first seen with mtime 1729310323.0
File /usr/local/lib/python3.9/site-packages/allauth/account/internal/flows/password_change.py first seen with mtime 1731064963.0
File /usr/local/lib/python3.9/asyncio/base_subprocess.py first seen with mtime 1729310323.0
File /usr/local/lib/python3.9/site-packages/requests/_internal_utils.py first seen with mtime 1731064960.0
File /usr/local/lib/python3.9/inspect.py first seen with mtime 1729310321.0
File /usr/local/lib/python3.9/site-packages/cryptography/hazmat/decrepit/ciphers/algorithms.py first seen with mtime 1731064963.0
File /usr/local/lib/python3.9/site-packages/django/template/loaders/__init__.py first seen with mtime 1731064962.0
File /usr/local/lib/python3.9/locale.py first seen with mtime 1729310321.0
File /usr/local/lib/python3.9/site-packages/django/views/generic/dates.py first seen with mtime 1731064962.0
File /usr/local/lib/python3.9/site-packages/allauth/socialaccount/forms.py first seen with mtime 1731064964.0
File /usr/local/lib/python3.9/uuid.py first seen with mtime 1729310321.0
File /usr/local/lib/python3.9/site-packages/django/core/files/temp.py first seen with mtime 1731064962.0
File /usr/local/lib/python3.9/site-packages/allauth/account/models.py first seen with mtime 1731064963.0
File /usr/local/lib/python3.9/opcode.py first seen with mtime 1729310321.0
File /usr/local/lib/python3.9/asyncio/exceptions.py first seen with mtime 1729310323.0
File /usr/local/lib/python3.9/site-packages/django/http/request.py first seen with mtime 1731064962.0
File /usr/local/lib/python3.9/pathlib.py first seen with mtime 1729310321.0
File /usr/local/lib/python3.9/site-packages/django/contrib/staticfiles/views.py first seen with mtime 1731064962.0
File /usr/local/lib/python3.9/lib-dynload/select.cpython-39-x86_64-linux-gnu.so first seen with mtime 1729310302.0
File /usr/local/lib/python3.9/site-packages/sqlparse/keywords.py first seen with mtime 1731064960.0
File /usr/local/lib/python3.9/asyncio/trsock.py first seen with mtime 1729310323.0
File /usr/local/lib/python3.9/site-packages/requests/compat.py first seen with mtime 1731064960.0
File /usr/local/lib/python3.9/site-packages/django/utils/topological_sort.py first seen with mtime 1731064962.0
File /usr/local/lib/python3.9/site-packages/django/template/loaders/cached.py first seen with mtime 1731064962.0
File /usr/local/lib/python3.9/_weakrefset.py first seen with mtime 1729310321.0
File /usr/local/lib/python3.9/site-packages/urllib3/http2/__init__.py first seen with mtime 1731064960.0
File /usr/local/lib/python3.9/site-packages/sqlparse/filters/output.py first seen with mtime 1731064960.0
File /usr/local/lib/python3.9/site-packages/django/contrib/admin/templatetags/__init__.py first seen with mtime 1731064961.0
File /usr/local/lib/python3.9/site-packages/django_prometheus/conf/__init__.py first seen with mtime 1731064961.0
File /usr/local/lib/python3.9/site-packages/allauth/socialaccount/providers/__init__.py first seen with mtime 1731064964.0
File /usr/local/lib/python3.9/email/encoders.py first seen with mtime 1729310323.0
File /usr/local/lib/python3.9/site-packages/urllib3/util/timeout.py first seen with mtime 1731064960.0
File /usr/local/lib/python3.9/asyncio/tasks.py first seen with mtime 1729310323.0
File /usr/local/lib/python3.9/site-packages/django/db/backends/postgresql/psycopg_any.py first seen with mtime 1731064962.0
File /usr/local/lib/python3.9/site-packages/django/contrib/auth/forms.py first seen with mtime 1731064961.0
File /usr/local/lib/python3.9/site-packages/django/utils/tree.py first seen with mtime 1731064962.0
File /usr/local/lib/python3.9/site-packages/allauth/socialaccount/providers/base/provider.py first seen with mtime 1731064964.0
File /usr/local/lib/python3.9/concurrent/futures/thread.py first seen with mtime 1729310323.0
File /usr/local/lib/python3.9/site-packages/cryptography/x509/__init__.py first seen with mtime 1731064963.0
File /usr/local/lib/python3.9/hashlib.py first seen with mtime 1729310321.0
File /usr/local/lib/python3.9/asyncio/events.py first seen with mtime 1729310323.0
File /usr/local/lib/python3.9/site-packages/psycopg2/_json.py first seen with mtime 1731064960.0
File /usr/local/lib/python3.9/site-packages/charset_normalizer/md__mypyc.cpython-39-x86_64-linux-gnu.so first seen with mtime 1731064960.0
File /usr/local/lib/python3.9/site-packages/django/utils/translation/reloader.py first seen with mtime 1731064962.0
File /usr/local/lib/python3.9/site-packages/django/db/migrations/exceptions.py first seen with mtime 1731064962.0
File /usr/local/lib/python3.9/site-packages/jwt/api_jws.py first seen with mtime 1731064960.0
File /usr/local/lib/python3.9/site-packages/cryptography/hazmat/primitives/asymmetric/ed448.py first seen with mtime 1731064963.0
File /usr/local/lib/python3.9/site-packages/allauth/socialaccount/providers/base/constants.py first seen with mtime 1731064964.0
File /usr/local/lib/python3.9/linecache.py first seen with mtime 1729310321.0
File /usr/local/lib/python3.9/site-packages/allauth/account/checks.py first seen with mtime 1731064963.0
File /usr/local/lib/python3.9/site-packages/allauth/app_settings.py first seen with mtime 1731064963.0
File /usr/local/lib/python3.9/site-packages/cryptography/hazmat/primitives/_asymmetric.py first seen with mtime 1731064963.0
File /usr/local/lib/python3.9/site-packages/django/contrib/messages/apps.py first seen with mtime 1731064962.0
File /usr/local/lib/python3.9/lib-dynload/_sha512.cpython-39-x86_64-linux-gnu.so first seen with mtime 1729310307.0
File /usr/local/lib/python3.9/site-packages/django/db/models/sql/where.py first seen with mtime 1731064962.0
File /usr/local/lib/python3.9/site-packages/allauth/account/urls.py first seen with mtime 1731064963.0
File /usr/local/lib/python3.9/site-packages/charset_normalizer/__init__.py first seen with mtime 1731064960.0
File /usr/local/lib/python3.9/site-packages/allauth/socialaccount/internal/flows/connect.py first seen with mtime 1731064964.0
File /usr/local/lib/python3.9/site-packages/allauth/core/internal/adapter.py first seen with mtime 1731064963.0
File /usr/local/lib/python3.9/difflib.py first seen with mtime 1729310321.0
File /usr/local/lib/python3.9/site-packages/allauth/account/templatetags/__init__.py first seen with mtime 1731064963.0
File /usr/local/lib/python3.9/site-packages/django/contrib/admin/templatetags/admin_list.py first seen with mtime 1731064961.0
File /usr/local/lib/python3.9/pickle.py first seen with mtime 1729310321.0
File /usr/local/lib/python3.9/site-packages/django/contrib/auth/__init__.py first seen with mtime 1731064961.0
File /usr/local/lib/python3.9/site-packages/asgiref/sync.py first seen with mtime 1731064961.0
File /usr/local/lib/python3.9/site-packages/requests/structures.py first seen with mtime 1731064961.0
File /usr/local/lib/python3.9/os.py first seen with mtime 1729310321.0
File /usr/local/lib/python3.9/site-packages/django/db/__init__.py first seen with mtime 1731064962.0
File /usr/local/lib/python3.9/site-packages/django/db/models/enums.py first seen with mtime 1731064962.0
File /usr/local/lib/python3.9/site-packages/django/views/generic/base.py first seen with mtime 1731064962.0
File /usr/local/lib/python3.9/site-packages/requests/exceptions.py first seen with mtime 1731064961.0
File /usr/local/lib/python3.9/site-packages/django/contrib/auth/tokens.py first seen with mtime 1731064961.0
File /usr/local/lib/python3.9/lib-dynload/_random.cpython-39-x86_64-linux-gnu.so first seen with mtime 1729310298.0
File /usr/local/lib/python3.9/enum.py first seen with mtime 1729310321.0
File /usr/local/lib/python3.9/site-packages/urllib3/util/url.py first seen with mtime 1731064960.0
File /usr/local/lib/python3.9/zoneinfo/_common.py first seen with mtime 1729310324.0
File /usr/local/lib/python3.9/glob.py first seen with mtime 1729310321.0
File /usr/local/lib/python3.9/struct.py first seen with mtime 1729310321.0
File /usr/local/lib/python3.9/site-packages/django/conf/locale/__init__.py first seen with mtime 1731064961.0
File /usr/local/lib/python3.9/site-packages/allauth/socialaccount/admin.py first seen with mtime 1731064964.0
File /usr/local/lib/python3.9/site-packages/django/urls/converters.py first seen with mtime 1731064962.0
File /usr/local/lib/python3.9/site-packages/django/db/models/__init__.py first seen with mtime 1731064962.0
File /usr/local/lib/python3.9/lib-dynload/_opcode.cpython-39-x86_64-linux-gnu.so first seen with mtime 1729310300.0
File /usr/local/lib/python3.9/site-packages/cryptography/hazmat/primitives/constant_time.py first seen with mtime 1731064963.0
File /usr/local/lib/python3.9/site-packages/django/utils/deprecation.py first seen with mtime 1731064962.0
File /usr/local/lib/python3.9/site-packages/prometheus_client/decorator.py first seen with mtime 1731064960.0
File /usr/local/lib/python3.9/site-packages/django/contrib/sites/__init__.py first seen with mtime 1731064962.0
File /usr/local/lib/python3.9/site-packages/django/core/handlers/exception.py first seen with mtime 1731064962.0
File /usr/local/lib/python3.9/site-packages/django/core/files/__init__.py first seen with mtime 1731064962.0
File /usr/local/lib/python3.9/json/decoder.py first seen with mtime 1729310323.0
File /usr/local/lib/python3.9/contextvars.py first seen with mtime 1729310321.0
File /usr/local/lib/python3.9/site-packages/django/core/wsgi.py first seen with mtime 1731064962.0
File /usr/local/lib/python3.9/site-packages/django/db/migrations/migration.py first seen with mtime 1731064962.0
File /usr/local/lib/python3.9/site-packages/django_prometheus/apps.py first seen with mtime 1731064961.0
File /usr/local/lib/python3.9/site-packages/django/core/checks/security/sessions.py first seen with mtime 1731064962.0
File /usr/local/lib/python3.9/site-packages/django/forms/utils.py first seen with mtime 1731064962.0
File /usr/local/lib/python3.9/site-packages/django/db/models/manager.py first seen with mtime 1731064962.0
File /usr/local/lib/python3.9/site-packages/django/forms/formsets.py first seen with mtime 1731064962.0
File /usr/local/lib/python3.9/site-packages/asgiref/current_thread_executor.py first seen with mtime 1731064961.0
File /usr/local/lib/python3.9/site-packages/django/utils/timesince.py first seen with mtime 1731064962.0
File /usr/local/lib/python3.9/site-packages/django/db/models/query.py first seen with mtime 1731064962.0
File /usr/local/lib/python3.9/site-packages/jwt/jwks_client.py first seen with mtime 1731064960.0
File /usr/local/lib/python3.9/stringprep.py first seen with mtime 1729310321.0
File /usr/local/lib/python3.9/site-packages/django/contrib/sessions/middleware.py first seen with mtime 1731064962.0
File /usr/local/lib/python3.9/email/mime/multipart.py first seen with mtime 1729310323.0
File /usr/local/lib/python3.9/site-packages/requests/__version__.py first seen with mtime 1731064960.0
File /usr/local/lib/python3.9/site-packages/prometheus_client/registry.py first seen with mtime 1731064960.0
File /usr/local/lib/python3.9/weakref.py first seen with mtime 1729310321.0
File /usr/local/lib/python3.9/site-packages/allauth/account/utils.py first seen with mtime 1731064963.0
File /usr/local/lib/python3.9/site-packages/django/core/signals.py first seen with mtime 1731064962.0
File /usr/local/lib/python3.9/site-packages/django/db/models/fields/related_descriptors.py first seen with mtime 1731064962.0
File /usr/local/lib/python3.9/tempfile.py first seen with mtime 1729310321.0
File /usr/local/lib/python3.9/site-packages/django/contrib/sessions/backends/base.py first seen with mtime 1731064962.0
File /usr/local/lib/python3.9/site-packages/django/core/handlers/base.py first seen with mtime 1731064962.0
File /usr/local/lib/python3.9/site-packages/idna/__init__.py first seen with mtime 1731064960.0
File /usr/local/lib/python3.9/site.py first seen with mtime 1729310321.0
File /usr/local/lib/python3.9/site-packages/django/db/models/fields/files.py first seen with mtime 1731064962.0
File /usr/local/lib/python3.9/site-packages/cryptography/hazmat/primitives/serialization/__init__.py first seen with mtime 1731064963.0
File /usr/local/lib/python3.9/site-packages/django/db/models/functions/datetime.py first seen with mtime 1731064962.0
File /usr/local/lib/python3.9/lib-dynload/binascii.cpython-39-x86_64-linux-gnu.so first seen with mtime 1729310309.0
File /usr/local/lib/python3.9/site-packages/jwt/exceptions.py first seen with mtime 1731064960.0
File /usr/local/lib/python3.9/site-packages/django/db/models/functions/mixins.py first seen with mtime 1731064962.0
File /usr/local/lib/python3.9/site-packages/django/core/checks/caches.py first seen with mtime 1731064962.0
File /usr/local/lib/python3.9/site-packages/django/templatetags/cache.py first seen with mtime 1731064962.0
File /usr/local/lib/python3.9/_bootlocale.py first seen with mtime 1729310321.0
File /usr/local/lib/python3.9/asyncio/runners.py first seen with mtime 1729310323.0
File /usr/local/lib/python3.9/site-packages/django/contrib/admin/templatetags/log.py first seen with mtime 1731064961.0
File /usr/local/lib/python3.9/site-packages/requests/status_codes.py first seen with mtime 1731064961.0
File /usr/local/lib/python3.9/types.py first seen with mtime 1729310321.0
File /usr/local/lib/python3.9/site-packages/allauth/socialaccount/internal/__init__.py first seen with mtime 1731064964.0
File /usr/local/lib/python3.9/site-packages/sqlparse/filters/reindent.py first seen with mtime 1731064960.0
File /usr/local/lib/python3.9/site-packages/prometheus_client/multiprocess.py first seen with mtime 1731064960.0
File /usr/local/lib/python3.9/site-packages/django/urls/conf.py first seen with mtime 1731064962.0
File /usr/local/lib/python3.9/site-packages/allauth/account/internal/flows/password_reset.py first seen with mtime 1731064963.0
File /usr/local/lib/python3.9/site-packages/allauth/socialaccount/urls.py first seen with mtime 1731064964.0
File /usr/local/lib/python3.9/_sysconfigdata__linux_x86_64-linux-gnu.py first seen with mtime 1729310324.0
File /usr/local/lib/python3.9/json/scanner.py first seen with mtime 1729310323.0
File /usr/local/lib/python3.9/__future__.py first seen with mtime 1729310321.0
File /usr/local/lib/python3.9/site-packages/allauth/account/templatetags/account.py first seen with mtime 1731064963.0
File /usr/local/lib/python3.9/asyncio/futures.py first seen with mtime 1729310323.0
File /usr/local/lib/python3.9/site-packages/django/core/servers/basehttp.py first seen with mtime 1731064962.0
File /usr/local/lib/python3.9/site-packages/django/utils/numberformat.py first seen with mtime 1731064962.0
File /usr/local/lib/python3.9/asyncio/log.py first seen with mtime 1729310323.0
File /usr/local/lib/python3.9/timeit.py first seen with mtime 1729310321.0
File /usr/local/lib/python3.9/site-packages/django/contrib/auth/validators.py first seen with mtime 1731064961.0
File /usr/local/lib/python3.9/site-packages/allauth/core/exceptions.py first seen with mtime 1731064963.0
File /usr/local/lib/python3.9/site-packages/django/contrib/admin/helpers.py first seen with mtime 1731064961.0
File /usr/local/lib/python3.9/site-packages/django/utils/version.py first seen with mtime 1731064962.0
File /usr/local/lib/python3.9/functools.py first seen with mtime 1729310321.0
File /usr/local/lib/python3.9/site-packages/django/contrib/contenttypes/management/__init__.py first seen with mtime 1731064961.0
File /usr/local/lib/python3.9/lib-dynload/_datetime.cpython-39-x86_64-linux-gnu.so first seen with mtime 1729310300.0
File /usr/local/lib/python3.9/asyncio/format_helpers.py first seen with mtime 1729310323.0
File /usr/local/lib/python3.9/asyncio/selector_events.py first seen with mtime 1729310323.0
File /usr/local/lib/python3.9/http/client.py first seen with mtime 1729310323.0
File /usr/local/lib/python3.9/site-packages/django/core/mail/message.py first seen with mtime 1731064962.0
File /usr/local/lib/python3.9/site-packages/cryptography/x509/general_name.py first seen with mtime 1731064963.0
File /usr/local/lib/python3.9/importlib/__init__.py first seen with mtime 1729310322.0
File /usr/local/lib/python3.9/site-packages/allauth/account/adapter.py first seen with mtime 1731064963.0
File /usr/local/lib/python3.9/secrets.py first seen with mtime 1729310321.0
File /usr/local/lib/python3.9/_compression.py first seen with mtime 1729310321.0
File /usr/local/lib/python3.9/site-packages/prometheus_client/metrics.py first seen with mtime 1731064960.0
File /usr/local/lib/python3.9/site-packages/django/contrib/auth/base_user.py first seen with mtime 1731064961.0
File /usr/local/lib/python3.9/site-packages/django/db/backends/base/base.py first seen with mtime 1731064962.0
File /usr/local/lib/python3.9/site-packages/allauth/socialaccount/templatetags/__init__.py first seen with mtime 1731064964.0
File /usr/local/lib/python3.9/site-packages/django/contrib/staticfiles/utils.py first seen with mtime 1731064962.0
File /usr/local/lib/python3.9/site-packages/allauth/account/internal/flows/signup.py first seen with mtime 1731064963.0
File /usr/local/lib/python3.9/lib-dynload/unicodedata.cpython-39-x86_64-linux-gnu.so first seen with mtime 1729310302.0
File /usr/local/lib/python3.9/site-packages/django/db/models/functions/comparison.py first seen with mtime 1731064962.0
File /usr/local/lib/python3.9/site-packages/django/core/serializers/json.py first seen with mtime 1731064962.0
File /usr/local/lib/python3.9/site-packages/django/core/cache/backends/__init__.py first seen with mtime 1731064962.0
File /usr/local/lib/python3.9/email/_header_value_parser.py first seen with mtime 1729310323.0
File /usr/local/lib/python3.9/site-packages/urllib3/_request_methods.py first seen with mtime 1731064960.0
File /usr/local/lib/python3.9/site-packages/allauth/core/__init__.py first seen with mtime 1731064963.0
File /usr/local/lib/python3.9/site-packages/django/contrib/admin/apps.py first seen with mtime 1731064961.0
File /usr/local/lib/python3.9/email/_encoded_words.py first seen with mtime 1729310323.0
File /usr/local/lib/python3.9/site-packages/sqlparse/engine/filter_stack.py first seen with mtime 1731064960.0
File /usr/local/lib/python3.9/sre_compile.py first seen with mtime 1729310321.0
File /usr/local/lib/python3.9/site-packages/django/contrib/sessions/apps.py first seen with mtime 1731064962.0
File /usr/local/lib/python3.9/site-packages/django/db/backends/dummy/base.py first seen with mtime 1731064962.0
File /usr/local/lib/python3.9/site-packages/allauth/account/forms.py first seen with mtime 1731064963.0
File /usr/local/lib/python3.9/zoneinfo/_tzpath.py first seen with mtime 1729310324.0
File /usr/local/lib/python3.9/site-packages/django/contrib/auth/password_validation.py first seen with mtime 1731064961.0
File /usr/local/lib/python3.9/csv.py first seen with mtime 1729310321.0
File /usr/local/lib/python3.9/site-packages/sqlparse/cli.py first seen with mtime 1731064960.0
File /usr/local/lib/python3.9/copy.py first seen with mtime 1729310321.0
File /usr/local/lib/python3.9/site-packages/django/views/debug.py first seen with mtime 1731064962.0
File /usr/local/lib/python3.9/queue.py first seen with mtime 1729310321.0
File /usr/local/lib/python3.9/site-packages/cryptography/hazmat/primitives/ciphers/base.py first seen with mtime 1731064963.0
File /usr/local/lib/python3.9/site-packages/cryptography/exceptions.py first seen with mtime 1731064963.0
File /usr/local/lib/python3.9/genericpath.py first seen with mtime 1729310321.0
File /usr/local/lib/python3.9/site-packages/django/forms/__init__.py first seen with mtime 1731064962.0
File /usr/local/lib/python3.9/email/charset.py first seen with mtime 1729310323.0
File /usr/local/lib/python3.9/site-packages/sqlparse/sql.py first seen with mtime 1731064960.0
File /usr/local/lib/python3.9/collections/__init__.py first seen with mtime 1729310323.0
File /usr/local/lib/python3.9/site-packages/allauth/templatetags/allauth.py first seen with mtime 1731064964.0
File /usr/local/lib/python3.9/site-packages/django/__init__.py first seen with mtime 1731064961.0
File /usr/local/lib/python3.9/site-packages/allauth/socialaccount/internal/flows/signup.py first seen with mtime 1731064964.0
File /usr/local/lib/python3.9/site-packages/django/views/defaults.py first seen with mtime 1731064962.0
File /usr/local/lib/python3.9/site-packages/sqlparse/engine/grouping.py first seen with mtime 1731064960.0
File /usr/local/lib/python3.9/site-packages/requests/sessions.py first seen with mtime 1731064961.0
File /usr/local/lib/python3.9/site-packages/allauth/account/internal/flows/login.py first seen with mtime 1731064963.0
File /usr/local/lib/python3.9/_markupbase.py first seen with mtime 1729310321.0
File /usr/local/lib/python3.9/asyncio/transports.py first seen with mtime 1729310323.0
File /usr/local/lib/python3.9/site-packages/django/http/response.py first seen with mtime 1731064962.0
File /usr/local/lib/python3.9/site-packages/allauth/models.py first seen with mtime 1731064963.0
File /usr/local/lib/python3.9/site-packages/django/contrib/staticfiles/management/commands/runserver.py first seen with mtime 1731064962.0
File /usr/local/lib/python3.9/site-packages/django/http/multipartparser.py first seen with mtime 1731064962.0
File /usr/local/lib/python3.9/site-packages/allauth/account/__init__.py first seen with mtime 1731064963.0
File /usr/local/lib/python3.9/site-packages/django/db/models/lookups.py first seen with mtime 1731064962.0
File /usr/local/lib/python3.9/site-packages/django/core/checks/database.py first seen with mtime 1731064962.0
File /usr/local/lib/python3.9/site-packages/django/db/models/fields/__init__.py first seen with mtime 1731064962.0
File /usr/local/lib/python3.9/site-packages/psycopg2/_range.py first seen with mtime 1731064960.0
File /usr/local/lib/python3.9/site-packages/django/contrib/contenttypes/apps.py first seen with mtime 1731064961.0
File /usr/local/lib/python3.9/email/utils.py first seen with mtime 1729310323.0
File /usr/local/lib/python3.9/site-packages/charset_normalizer/utils.py first seen with mtime 1731064960.0
File /usr/local/lib/python3.9/site-packages/cryptography/hazmat/primitives/asymmetric/ed25519.py first seen with mtime 1731064963.0
File /usr/local/lib/python3.9/site-packages/django/core/checks/security/base.py first seen with mtime 1731064962.0
File /usr/local/lib/python3.9/site-packages/django/template/backends/__init__.py first seen with mtime 1731064962.0
File /usr/local/lib/python3.9/site-packages/urllib3/_base_connection.py first seen with mtime 1731064960.0
File /usr/local/lib/python3.9/bz2.py first seen with mtime 1729310321.0
File /usr/local/lib/python3.9/site-packages/django/db/models/sql/constants.py first seen with mtime 1731064962.0
File /usr/local/lib/python3.9/lib-dynload/fcntl.cpython-39-x86_64-linux-gnu.so first seen with mtime 1729310301.0
File /usr/local/lib/python3.9/site-packages/allauth/account/views.py first seen with mtime 1731064963.0
File /usr/local/lib/python3.9/site-packages/django/conf/global_settings.py first seen with mtime 1731064961.0
File /usr/local/lib/python3.9/site-packages/urllib3/connectionpool.py first seen with mtime 1731064960.0
File /usr/local/lib/python3.9/ssl.py first seen with mtime 1729310321.0
File /usr/local/lib/python3.9/site-packages/django/db/models/functions/math.py first seen with mtime 1731064962.0
File /usr/local/lib/python3.9/site-packages/django/contrib/admin/views/__init__.py first seen with mtime 1731064961.0
File /usr/local/lib/python3.9/encodings/latin_1.py first seen with mtime 1729310323.0
File /usr/local/lib/python3.9/site-packages/django/template/loaders/base.py first seen with mtime 1731064962.0
File /usr/local/lib/python3.9/asyncio/threads.py first seen with mtime 1729310323.0
File /usr/local/lib/python3.9/site-packages/django/core/servers/__init__.py first seen with mtime 1731064962.0
File /usr/local/lib/python3.9/email/parser.py first seen with mtime 1729310323.0
File /usr/local/lib/python3.9/site-packages/django/db/migrations/utils.py first seen with mtime 1731064962.0
File /usr/local/lib/python3.9/site-packages/charset_normalizer/legacy.py first seen with mtime 1731064960.0
File /usr/local/lib/python3.9/lib-dynload/_bisect.cpython-39-x86_64-linux-gnu.so first seen with mtime 1729310299.0
File /usr/local/lib/python3.9/site-packages/django/db/migrations/state.py first seen with mtime 1731064962.0
File /usr/local/lib/python3.9/argparse.py first seen with mtime 1729310321.0
File /usr/local/lib/python3.9/site-packages/django/template/context.py first seen with mtime 1731064962.0
File /usr/local/lib/python3.9/site-packages/django/template/defaulttags.py first seen with mtime 1731064962.0
File /usr/local/lib/python3.9/site-packages/django/urls/base.py first seen with mtime 1731064962.0
File /usr/local/lib/python3.9/email/message.py first seen with mtime 1729310323.0
File /usr/local/lib/python3.9/asyncio/base_events.py first seen with mtime 1729310323.0
File /usr/local/lib/python3.9/site-packages/django/template/loader_tags.py first seen with mtime 1731064962.0
File /usr/local/lib/python3.9/site-packages/django/db/transaction.py first seen with mtime 1731064962.0
File /usr/local/lib/python3.9/socketserver.py first seen with mtime 1729310321.0
File /usr/local/lib/python3.9/dataclasses.py first seen with mtime 1729310321.0
File /usr/local/lib/python3.9/email/mime/__init__.py first seen with mtime 1729310323.0
File /usr/local/lib/python3.9/site-packages/allauth/account/internal/flows/email_verification.py first seen with mtime 1731064963.0
File /usr/local/lib/python3.9/email/mime/text.py first seen with mtime 1729310323.0
File /usr/local/lib/python3.9/sre_parse.py first seen with mtime 1729310321.0
File /usr/local/lib/python3.9/site-packages/django/db/models/query_utils.py first seen with mtime 1731064962.0
File /usr/local/lib/python3.9/site-packages/django/db/backends/postgresql/base.py first seen with mtime 1731064962.0
File /usr/local/lib/python3.9/site-packages/django/db/models/indexes.py first seen with mtime 1731064962.0
File /usr/local/lib/python3.9/site-packages/requests/utils.py first seen with mtime 1731064961.0
File /usr/local/lib/python3.9/json/__init__.py first seen with mtime 1729310323.0
File /usr/local/lib/python3.9/site-packages/django/contrib/messages/constants.py first seen with mtime 1731064962.0
File /usr/local/lib/python3.9/site-packages/django/contrib/staticfiles/__init__.py first seen with mtime 1731064962.0
File /usr/local/lib/python3.9/site-packages/charset_normalizer/api.py first seen with mtime 1731064960.0
File /usr/local/lib/python3.9/site-packages/cryptography/x509/base.py first seen with mtime 1731064963.0
File /usr/local/lib/python3.9/site-packages/django/db/models/fields/proxy.py first seen with mtime 1731064962.0
File /usr/local/lib/python3.9/site-packages/django_prometheus/migrations.py first seen with mtime 1731064961.0
File /usr/local/lib/python3.9/site-packages/django/contrib/admin/templatetags/admin_urls.py first seen with mtime 1731064961.0
File /usr/local/lib/python3.9/site-packages/django/views/decorators/debug.py first seen with mtime 1731064962.0
File /usr/local/lib/python3.9/numbers.py first seen with mtime 1729310321.0
File /usr/local/lib/python3.9/datetime.py first seen with mtime 1729310321.0
File /usr/local/lib/python3.9/site-packages/allauth/socialaccount/providers/base/utils.py first seen with mtime 1731064964.0
File /usr/local/lib/python3.9/pprint.py first seen with mtime 1729310321.0
File /usr/local/lib/python3.9/site-packages/allauth/socialaccount/signals.py first seen with mtime 1731064964.0
File /usr/local/lib/python3.9/site-packages/prometheus_client/samples.py first seen with mtime 1731064960.0
File /usr/local/lib/python3.9/site-packages/django/db/backends/base/client.py first seen with mtime 1731064962.0
File /usr/local/lib/python3.9/site-packages/allauth/socialaccount/providers/oauth2/provider.py first seen with mtime 1731064964.0
File /usr/local/lib/python3.9/site-packages/django/db/migrations/operations/fields.py first seen with mtime 1731064962.0
File /usr/local/lib/python3.9/site-packages/allauth/socialaccount/internal/statekit.py first seen with mtime 1731064964.0
File /usr/local/lib/python3.9/site-packages/cryptography/hazmat/primitives/asymmetric/rsa.py first seen with mtime 1731064963.0
File /usr/local/lib/python3.9/site-packages/django/template/backends/django.py first seen with mtime 1731064962.0
File /usr/local/lib/python3.9/site-packages/django_prometheus/middleware.py first seen with mtime 1731064961.0
File /usr/local/lib/python3.9/site-packages/prometheus_client/values.py first seen with mtime 1731064960.0
File /usr/local/lib/python3.9/asyncio/streams.py first seen with mtime 1729310323.0
File /usr/local/lib/python3.9/site-packages/django/contrib/staticfiles/apps.py first seen with mtime 1731064962.0
File /usr/local/lib/python3.9/site-packages/allauth/socialaccount/helpers.py first seen with mtime 1731064964.0
File /usr/local/lib/python3.9/configparser.py first seen with mtime 1729310321.0
File /usr/local/lib/python3.9/site-packages/allauth/socialaccount/templatetags/socialaccount.py first seen with mtime 1731064964.0
File /usr/local/lib/python3.9/copyreg.py first seen with mtime 1729310321.0
File /usr/local/lib/python3.9/site-packages/cryptography/hazmat/primitives/asymmetric/x448.py first seen with mtime 1731064963.0
File /usr/local/lib/python3.9/ntpath.py first seen with mtime 1729310321.0
File /usr/local/lib/python3.9/operator.py first seen with mtime 1729310321.0
File /usr/local/lib/python3.9/site-packages/asgiref/local.py first seen with mtime 1731064961.0
File /usr/local/lib/python3.9/site-packages/allauth/socialaccount/__init__.py first seen with mtime 1731064964.0
File /usr/local/lib/python3.9/site-packages/django/middleware/cache.py first seen with mtime 1731064962.0
File /usr/local/lib/python3.9/re.py first seen with mtime 1729310321.0
File /usr/local/lib/python3.9/email/base64mime.py first seen with mtime 1729310323.0
File /usr/local/lib/python3.9/site-packages/cryptography/hazmat/primitives/asymmetric/x25519.py first seen with mtime 1731064963.0
File /usr/local/lib/python3.9/site-packages/urllib3/filepost.py first seen with mtime 1731064960.0
File /usr/local/lib/python3.9/wsgiref/simple_server.py first seen with mtime 1729310323.0
File /usr/local/lib/python3.9/site-packages/django/contrib/auth/signals.py first seen with mtime 1731064961.0
File /usr/local/lib/python3.9/asyncio/__init__.py first seen with mtime 1729310323.0
File /usr/local/lib/python3.9/site-packages/django/utils/datastructures.py first seen with mtime 1731064962.0
File /usr/local/lib/python3.9/site-packages/prometheus_client/mmap_dict.py first seen with mtime 1731064960.0
File /usr/local/lib/python3.9/site-packages/idna/package_data.py first seen with mtime 1731064960.0
File /usr/local/lib/python3.9/site-packages/idna/intranges.py first seen with mtime 1731064960.0
File /usr/local/lib/python3.9/site-packages/cryptography/hazmat/primitives/asymmetric/utils.py first seen with mtime 1731064963.0
File /usr/local/lib/python3.9/site-packages/cryptography/hazmat/bindings/_rust.abi3.so first seen with mtime 1731064963.0
File /usr/local/lib/python3.9/site-packages/allauth/socialaccount/views.py first seen with mtime 1731064964.0
File /usr/local/lib/python3.9/site-packages/requests/api.py first seen with mtime 1731064960.0
File /usr/local/lib/python3.9/site-packages/django/apps/config.py first seen with mtime 1731064961.0
File /usr/local/lib/python3.9/email/__init__.py first seen with mtime 1729310323.0
File /usr/local/lib/python3.9/site-packages/django/core/files/storage/filesystem.py first seen with mtime 1731064962.0
File /usr/local/lib/python3.9/site-packages/jwt/utils.py first seen with mtime 1731064960.0
File /usr/local/lib/python3.9/site-packages/allauth/account/internal/flows/email_verification_by_code.py first seen with mtime 1731064963.0
File /usr/local/lib/python3.9/site-packages/django/views/__init__.py first seen with mtime 1731064962.0
File /usr/local/lib/python3.9/site-packages/django/contrib/auth/backends.py first seen with mtime 1731064961.0
File /usr/local/lib/python3.9/site-packages/idna/idnadata.py first seen with mtime 1731064960.0
File /usr/local/lib/python3.9/json/encoder.py first seen with mtime 1729310323.0
File /usr/local/lib/python3.9/site-packages/django/db/models/signals.py first seen with mtime 1731064962.0
File /usr/local/lib/python3.9/lib-dynload/_decimal.cpython-39-x86_64-linux-gnu.so first seen with mtime 1729310320.0
File /usr/local/lib/python3.9/site-packages/django_prometheus/exports.py first seen with mtime 1731064961.0
File /usr/local/lib/python3.9/site-packages/sqlparse/engine/statement_splitter.py first seen with mtime 1731064960.0
File /usr/local/lib/python3.9/lib-dynload/_socket.cpython-39-x86_64-linux-gnu.so first seen with mtime 1729310306.0
File /usr/local/lib/python3.9/site-packages/django/core/cache/utils.py first seen with mtime 1731064962.0
File /usr/local/lib/python3.9/site-packages/django/core/management/__init__.py first seen with mtime 1731064962.0
File /usr/local/lib/python3.9/site-packages/requests/cookies.py first seen with mtime 1731064961.0
File /usr/local/lib/python3.9/site-packages/allauth/socialaccount/internal/jwtkit.py first seen with mtime 1731064964.0
File /usr/local/lib/python3.9/site-packages/requests/auth.py first seen with mtime 1731064960.0
File /usr/local/lib/python3.9/site-packages/django/utils/decorators.py first seen with mtime 1731064962.0
File /usr/local/lib/python3.9/site-packages/django/utils/autoreload.py first seen with mtime 1731064962.0
File /usr/local/lib/python3.9/site-packages/django/core/files/storage/__init__.py first seen with mtime 1731064962.0
File /usr/local/lib/python3.9/site-packages/django/db/migrations/__init__.py first seen with mtime 1731064962.0
File /usr/local/lib/python3.9/site-packages/jwt/api_jwt.py first seen with mtime 1731064960.0
File /usr/local/lib/python3.9/site-packages/django/db/migrations/operations/special.py first seen with mtime 1731064962.0
File /usr/local/lib/python3.9/site-packages/django/contrib/admin/actions.py first seen with mtime 1731064961.0
File /usr/local/lib/python3.9/site-packages/django/db/backends/base/features.py first seen with mtime 1731064962.0
File /usr/local/lib/python3.9/site-packages/django/contrib/admin/views/autocomplete.py first seen with mtime 1731064961.0
File /usr/local/lib/python3.9/string.py first seen with mtime 1729310321.0
File /usr/local/lib/python3.9/lib-dynload/_queue.cpython-39-x86_64-linux-gnu.so first seen with mtime 1729310301.0
File /usr/local/lib/python3.9/codecs.py first seen with mtime 1729310321.0
File /usr/local/lib/python3.9/site-packages/django/contrib/auth/apps.py first seen with mtime 1731064961.0
File /usr/local/lib/python3.9/site-packages/prometheus_client/utils.py first seen with mtime 1731064960.0
File /usr/local/lib/python3.9/http/cookies.py first seen with mtime 1729310323.0
File /usr/local/lib/python3.9/site-packages/psycopg2/extensions.py first seen with mtime 1731064960.0
File /usr/local/lib/python3.9/site-packages/jwt/api_jwk.py first seen with mtime 1731064960.0
File /usr/local/lib/python3.9/site-packages/django/db/backends/base/schema.py first seen with mtime 1731064962.0
File /usr/local/lib/python3.9/site-packages/cryptography/hazmat/primitives/serialization/base.py first seen with mtime 1731064963.0
File /usr/local/lib/python3.9/site-packages/requests/adapters.py first seen with mtime 1731064960.0
File /usr/local/lib/python3.9/site-packages/django/core/files/uploadedfile.py first seen with mtime 1731064962.0
File /usr/local/lib/python3.9/site-packages/requests/__init__.py first seen with mtime 1731064960.0
File /usr/local/lib/python3.9/site-packages/django/contrib/messages/storage/base.py first seen with mtime 1731064962.0
File /usr/local/lib/python3.9/site-packages/django/utils/ipv6.py first seen with mtime 1731064962.0
File /usr/local/lib/python3.9/site-packages/cryptography/x509/certificate_transparency.py first seen with mtime 1731064963.0
File /usr/local/lib/python3.9/site-packages/django/shortcuts.py first seen with mtime 1731064961.0
File /usr/local/lib/python3.9/email/mime/nonmultipart.py first seen with mtime 1729310323.0
File /usr/local/lib/python3.9/site-packages/django/db/models/aggregates.py first seen with mtime 1731064962.0
File /usr/local/lib/python3.9/site-packages/django/contrib/sites/apps.py first seen with mtime 1731064962.0
File /usr/local/lib/python3.9/site-packages/allauth/core/internal/__init__.py first seen with mtime 1731064963.0
File /usr/local/lib/python3.9/site-packages/allauth/socialaccount/providers/base/__init__.py first seen with mtime 1731064964.0
File /usr/local/lib/python3.9/site-packages/idna/core.py first seen with mtime 1731064960.0
File /usr/local/lib/python3.9/site-packages/django/template/base.py first seen with mtime 1731064962.0
File /usr/local/lib/python3.9/site-packages/django/db/backends/postgresql/client.py first seen with mtime 1731064962.0
File /usr/local/lib/python3.9/site-packages/allauth/account/internal/decorators.py first seen with mtime 1731064963.0
File /usr/local/lib/python3.9/site-packages/charset_normalizer/md.cpython-39-x86_64-linux-gnu.so first seen with mtime 1731064960.0
File /usr/local/lib/python3.9/http/__init__.py first seen with mtime 1729310323.0
File /usr/local/lib/python3.9/site-packages/django/templatetags/__init__.py first seen with mtime 1731064962.0
File /usr/local/lib/python3.9/site-packages/django/utils/itercompat.py first seen with mtime 1731064962.0
File /usr/local/lib/python3.9/site-packages/django/template/response.py first seen with mtime 1731064962.0
File /usr/local/lib/python3.9/importlib/metadata.py first seen with mtime 1729310322.0
File /usr/local/lib/python3.9/_compat_pickle.py first seen with mtime 1729310321.0
File /usr/local/lib/python3.9/site-packages/django/contrib/staticfiles/management/__init__.py first seen with mtime 1731064962.0
File /usr/local/lib/python3.9/site-packages/django/core/checks/registry.py first seen with mtime 1731064962.0
File /usr/local/lib/python3.9/lib-dynload/_asyncio.cpython-39-x86_64-linux-gnu.so first seen with mtime 1729310301.0
File /usr/local/lib/python3.9/site-packages/prometheus_client/metrics_core.py first seen with mtime 1731064960.0
File /usr/local/lib/python3.9/site-packages/urllib3/util/response.py first seen with mtime 1731064960.0
File /usr/local/lib/python3.9/site-packages/allauth/socialaccount/providers/google/urls.py first seen with mtime 1731064964.0
File /usr/local/lib/python3.9/site-packages/allauth/socialaccount/providers/base/views.py first seen with mtime 1731064964.0
File /usr/local/lib/python3.9/site-packages/cryptography/x509/name.py first seen with mtime 1731064963.0
File /usr/local/lib/python3.9/site-packages/django/utils/timezone.py first seen with mtime 1731064962.0
File /usr/local/lib/python3.9/site-packages/cryptography/utils.py first seen with mtime 1731064963.0
File /usr/local/lib/python3.9/site-packages/urllib3/_version.py first seen with mtime 1731064960.0
File /usr/local/lib/python3.9/site-packages/cryptography/hazmat/primitives/asymmetric/dsa.py first seen with mtime 1731064963.0
File /usr/local/lib/python3.9/site-packages/urllib3/poolmanager.py first seen with mtime 1731064960.0
File /usr/local/lib/python3.9/site-packages/allauth/socialaccount/providers/oauth2/client.py first seen with mtime 1731064964.0
File /usr/local/lib/python3.9/site-packages/psycopg2/_psycopg.cpython-39-x86_64-linux-gnu.so first seen with mtime 1731064960.0
File /usr/local/lib/python3.9/site-packages/django/db/migrations/operations/models.py first seen with mtime 1731064962.0
File /usr/local/lib/python3.9/wsgiref/util.py first seen with mtime 1729310323.0
File /usr/local/lib/python3.9/site-packages/django/db/models/fields/related.py first seen with mtime 1731064962.0
File /usr/local/lib/python3.9/site-packages/allauth/account/internal/flows/manage_email.py first seen with mtime 1731064963.0
File /usr/local/lib/python3.9/http/cookiejar.py first seen with mtime 1729310323.0
File /usr/local/lib/python3.9/email/iterators.py first seen with mtime 1729310323.0
File /usr/local/lib/python3.9/site-packages/django/core/cache/backends/base.py first seen with mtime 1731064962.0
File /usr/local/lib/python3.9/site-packages/cryptography/hazmat/primitives/asymmetric/__init__.py first seen with mtime 1731064963.0
File /usr/local/lib/python3.9/site-packages/django/views/decorators/cache.py first seen with mtime 1731064962.0
File /usr/local/lib/python3.9/site-packages/prometheus_client/asgi.py first seen with mtime 1731064960.0
File /usr/local/lib/python3.9/threading.py first seen with mtime 1729310321.0
File /usr/local/lib/python3.9/site-packages/charset_normalizer/cd.py first seen with mtime 1731064960.0
File /usr/local/lib/python3.9/site-packages/cryptography/hazmat/primitives/serialization/ssh.py first seen with mtime 1731064963.0
File /usr/local/lib/python3.9/asyncio/unix_events.py first seen with mtime 1729310323.0
File /usr/local/lib/python3.9/lib-dynload/array.cpython-39-x86_64-linux-gnu.so first seen with mtime 1729310298.0
File /usr/local/lib/python3.9/site-packages/allauth/decorators.py first seen with mtime 1731064963.0
File /usr/local/lib/python3.9/site-packages/cryptography/hazmat/primitives/asymmetric/dh.py first seen with mtime 1731064963.0
File /usr/local/lib/python3.9/site-packages/jwt/__init__.py first seen with mtime 1731064960.0
File /usr/local/lib/python3.9/site-packages/django/apps/registry.py first seen with mtime 1731064961.0
File /usr/local/lib/python3.9/lib-dynload/_blake2.cpython-39-x86_64-linux-gnu.so first seen with mtime 1729310308.0
File /usr/local/lib/python3.9/logging/config.py first seen with mtime 1729310323.0
File /usr/local/lib/python3.9/lib-dynload/resource.cpython-39-x86_64-linux-gnu.so first seen with mtime 1729310308.0
File /usr/local/lib/python3.9/site-packages/cryptography/hazmat/bindings/__init__.py first seen with mtime 1731064963.0
File /usr/local/lib/python3.9/site-packages/django/core/cache/__init__.py first seen with mtime 1731064962.0
File /usr/local/lib/python3.9/importlib/_common.py first seen with mtime 1729310322.0
File /usr/local/lib/python3.9/asyncio/base_futures.py first seen with mtime 1729310323.0
File /usr/local/lib/python3.9/site-packages/cryptography/x509/oid.py first seen with mtime 1731064963.0
File /usr/local/lib/python3.9/site-packages/django/contrib/admin/sites.py first seen with mtime 1731064961.0
File /usr/local/lib/python3.9/site-packages/django/db/backends/postgresql/features.py first seen with mtime 1731064962.0
File /usr/local/lib/python3.9/site-packages/django/middleware/common.py first seen with mtime 1731064962.0
File /usr/local/lib/python3.9/site-packages/django/templatetags/tz.py first seen with mtime 1731064962.0
File /usr/local/lib/python3.9/site-packages/django/contrib/sessions/exceptions.py first seen with mtime 1731064962.0
File /usr/local/lib/python3.9/site-packages/allauth/account/stages.py first seen with mtime 1731064963.0
File /usr/local/lib/python3.9/site-packages/charset_normalizer/version.py first seen with mtime 1731064960.0
File /usr/local/lib/python3.9/site-packages/django_prometheus/models.py first seen with mtime 1731064961.0
File /usr/local/lib/python3.9/site-packages/allauth/account/internal/stagekit.py first seen with mtime 1731064963.0
File /usr/local/lib/python3.9/site-packages/django/urls/resolvers.py first seen with mtime 1731064962.0
File /usr/local/lib/python3.9/site-packages/prometheus_client/__init__.py first seen with mtime 1731064960.0
File /usr/local/lib/python3.9/concurrent/__init__.py first seen with mtime 1729310323.0
File /usr/local/lib/python3.9/site-packages/jwt/algorithms.py first seen with mtime 1731064960.0
File /usr/local/lib/python3.9/site-packages/django/db/backends/postgresql/schema.py first seen with mtime 1731064962.0
File /usr/local/lib/python3.9/lib-dynload/mmap.cpython-39-x86_64-linux-gnu.so first seen with mtime 1729310302.0
File /usr/local/lib/python3.9/email/mime/message.py first seen with mtime 1729310323.0
File /usr/local/lib/python3.9/subprocess.py first seen with mtime 1729310321.0
File /usr/local/lib/python3.9/site-packages/django/middleware/security.py first seen with mtime 1731064962.0
File /usr/local/lib/python3.9/posixpath.py first seen with mtime 1729310321.0
File /usr/local/lib/python3.9/site-packages/urllib3/response.py first seen with mtime 1731064960.0
File /usr/local/lib/python3.9/platform.py first seen with mtime 1729310321.0
File /usr/local/lib/python3.9/site-packages/urllib3/util/request.py first seen with mtime 1731064960.0
File /usr/local/lib/python3.9/site-packages/django/utils/hashable.py first seen with mtime 1731064962.0
File /usr/local/lib/python3.9/site-packages/sqlparse/filters/aligned_indent.py first seen with mtime 1731064960.0
File /usr/local/lib/python3.9/site-packages/allauth/account/signals.py first seen with mtime 1731064963.0
File /usr/local/lib/python3.9/site-packages/django/utils/regex_helper.py first seen with mtime 1731064962.0
File /usr/local/lib/python3.9/site-packages/django/contrib/sessions/backends/__init__.py first seen with mtime 1731064962.0
File /usr/local/lib/python3.9/encodings/aliases.py first seen with mtime 1729310323.0
File /usr/local/lib/python3.9/site-packages/allauth/socialaccount/providers/oauth2/urls.py first seen with mtime 1731064964.0
File /usr/local/lib/python3.9/html/entities.py first seen with mtime 1729310323.0
File /usr/local/lib/python3.9/typing.py first seen with mtime 1729310321.0
File /usr/local/lib/python3.9/site-packages/cryptography/hazmat/primitives/ciphers/modes.py first seen with mtime 1731064963.0
File /usr/local/lib/python3.9/site-packages/django/contrib/admin/decorators.py first seen with mtime 1731064961.0
File /usr/local/lib/python3.9/site-packages/django/views/generic/detail.py first seen with mtime 1731064962.0
File /usr/local/lib/python3.9/site-packages/django/dispatch/__init__.py first seen with mtime 1731064962.0
File /usr/local/lib/python3.9/site-packages/django/utils/dateparse.py first seen with mtime 1731064962.0
File /usr/local/lib/python3.9/stat.py first seen with mtime 1729310321.0
File /usr/local/lib/python3.9/site-packages/urllib3/fields.py first seen with mtime 1731064960.0
File /usr/local/lib/python3.9/site-packages/django/core/paginator.py first seen with mtime 1731064962.0
File /usr/local/lib/python3.9/site-packages/django/utils/html.py first seen with mtime 1731064962.0
File /usr/local/lib/python3.9/_collections_abc.py first seen with mtime 1729310321.0
File /usr/local/lib/python3.9/pkgutil.py first seen with mtime 1729310321.0
File /usr/local/lib/python3.9/site-packages/allauth/socialaccount/providers/google/provider.py first seen with mtime 1731064964.0
File /usr/local/lib/python3.9/asyncio/locks.py first seen with mtime 1729310323.0
File /usr/local/lib/python3.9/site-packages/django/db/backends/base/validation.py first seen with mtime 1731064962.0
File /usr/local/lib/python3.9/site-packages/allauth/account/internal/flows/login_by_code.py first seen with mtime 1731064963.0
File /usr/local/lib/python3.9/ast.py first seen with mtime 1729310321.0
File /usr/local/lib/python3.9/lib-dynload/_zoneinfo.cpython-39-x86_64-linux-gnu.so first seen with mtime 1729310299.0
File /usr/local/lib/python3.9/site-packages/django/core/checks/async_checks.py first seen with mtime 1731064962.0
File /usr/local/lib/python3.9/site-packages/allauth/socialaccount/internal/flows/__init__.py first seen with mtime 1731064964.0
File /usr/local/lib/python3.9/site-packages/urllib3/util/ssl_match_hostname.py first seen with mtime 1731064960.0
File /usr/local/lib/python3.9/email/feedparser.py first seen with mtime 1729310323.0
File /usr/local/lib/python3.9/site-packages/django_prometheus/urls.py first seen with mtime 1731064961.0
File /usr/local/lib/python3.9/site-packages/django/middleware/csrf.py first seen with mtime 1731064962.0
File /usr/local/lib/python3.9/lib-dynload/_pickle.cpython-39-x86_64-linux-gnu.so first seen with mtime 1729310302.0
File /usr/local/lib/python3.9/site-packages/django/urls/utils.py first seen with mtime 1731064962.0
File /usr/local/lib/python3.9/site-packages/django/core/checks/messages.py first seen with mtime 1731064962.0
File /usr/local/lib/python3.9/random.py first seen with mtime 1729310321.0
File /usr/local/lib/python3.9/site-packages/django/utils/deconstruct.py first seen with mtime 1731064962.0
File /usr/local/lib/python3.9/site-packages/urllib3/util/retry.py first seen with mtime 1731064960.0
File /usr/local/lib/python3.9/traceback.py first seen with mtime 1729310321.0
File /usr/local/lib/python3.9/site-packages/cryptography/__init__.py first seen with mtime 1731064963.0
File /usr/local/lib/python3.9/site-packages/sqlparse/exceptions.py first seen with mtime 1731064960.0
File /usr/local/lib/python3.9/site-packages/django/contrib/sites/checks.py first seen with mtime 1731064962.0
File /usr/local/lib/python3.9/site-packages/django/contrib/admin/widgets.py first seen with mtime 1731064961.0
File /usr/local/lib/python3.9/site-packages/urllib3/exceptions.py first seen with mtime 1731064960.0
File /usr/local/lib/python3.9/site-packages/django/utils/safestring.py first seen with mtime 1731064962.0
File /usr/local/lib/python3.9/site-packages/sqlparse/filters/others.py first seen with mtime 1731064960.0
File /usr/local/lib/python3.9/site-packages/sqlparse/filters/right_margin.py first seen with mtime 1731064960.0
File /usr/local/lib/python3.9/tokenize.py first seen with mtime 1729310321.0
File /usr/local/lib/python3.9/urllib/response.py first seen with mtime 1729310323.0
File /usr/local/lib/python3.9/site-packages/django/contrib/messages/utils.py first seen with mtime 1731064962.0
File /usr/local/lib/python3.9/site-packages/allauth/account/apps.py first seen with mtime 1731064963.0
File /usr/local/lib/python3.9/site-packages/django/views/i18n.py first seen with mtime 1731064962.0
File /usr/local/lib/python3.9/site-packages/allauth/socialaccount/app_settings.py first seen with mtime 1731064964.0
File /usr/local/lib/python3.9/site-packages/django/db/backends/base/__init__.py first seen with mtime 1731064962.0
File /usr/local/lib/python3.9/site-packages/django/utils/duration.py first seen with mtime 1731064962.0
File /app/myproject/urls.py first seen with mtime 1731063278.28571
File /usr/local/lib/python3.9/site-packages/prometheus_client/exposition.py first seen with mtime 1731064960.0
File /usr/local/lib/python3.9/site-packages/allauth/urls.py first seen with mtime 1731064963.0
File /usr/local/lib/python3.9/site-packages/django/core/files/images.py first seen with mtime 1731064962.0
File /usr/local/lib/python3.9/email/headerregistry.py first seen with mtime 1729310323.0
File /usr/local/lib/python3.9/asyncio/coroutines.py first seen with mtime 1729310323.0
File /usr/local/lib/python3.9/site-packages/django/core/files/locks.py first seen with mtime 1731064962.0
File /usr/local/lib/python3.9/email/contentmanager.py first seen with mtime 1729310323.0
File /usr/local/lib/python3.9/site-packages/urllib3/util/ssl_.py first seen with mtime 1731064960.0
File /usr/local/lib/python3.9/site-packages/django/contrib/admin/templatetags/base.py first seen with mtime 1731064961.0
File /usr/local/lib/python3.9/site-packages/allauth/socialaccount/providers/oauth2/utils.py first seen with mtime 1731064964.0
File /usr/local/lib/python3.9/site-packages/django/template/library.py first seen with mtime 1731064962.0
File /usr/local/lib/python3.9/site-packages/django/core/checks/model_checks.py first seen with mtime 1731064962.0
File /usr/local/lib/python3.9/site-packages/django/views/generic/list.py first seen with mtime 1731064962.0
File /usr/local/lib/python3.9/site-packages/django/contrib/admin/models.py first seen with mtime 1731064961.0
File /usr/local/lib/python3.9/lib-dynload/_csv.cpython-39-x86_64-linux-gnu.so first seen with mtime 1729310303.0
File /usr/local/lib/python3.9/site-packages/certifi/__init__.py first seen with mtime 1731064960.0
File /usr/local/lib/python3.9/site-packages/django/db/models/fields/related_lookups.py first seen with mtime 1731064962.0
File /usr/local/lib/python3.9/site-packages/django/db/models/sql/datastructures.py first seen with mtime 1731064962.0
File /usr/local/lib/python3.9/calendar.py first seen with mtime 1729310321.0
File /usr/local/lib/python3.9/site-packages/django/contrib/auth/management/__init__.py first seen with mtime 1731064961.0
File /usr/local/lib/python3.9/site-packages/psycopg2/__init__.py first seen with mtime 1731064960.0
File /usr/local/lib/python3.9/site-packages/django/db/models/constraints.py first seen with mtime 1731064962.0
File /usr/local/lib/python3.9/site-packages/django/contrib/sessions/models.py first seen with mtime 1731064962.0
File /usr/local/lib/python3.9/site-packages/prometheus_client/openmetrics/__init__.py first seen with mtime 1731064960.0
File /usr/local/lib/python3.9/site-packages/django/utils/lorem_ipsum.py first seen with mtime 1731064962.0
File /usr/local/lib/python3.9/site-packages/django/db/models/functions/window.py first seen with mtime 1731064962.0
File /usr/local/lib/python3.9/site-packages/django/forms/widgets.py first seen with mtime 1731064962.0
File /usr/local/lib/python3.9/gettext.py first seen with mtime 1729310321.0
File /usr/local/lib/python3.9/site-packages/django/contrib/auth/middleware.py first seen with mtime 1731064961.0
File /usr/local/lib/python3.9/site-packages/django/utils/http.py first seen with mtime 1731064962.0
File /usr/local/lib/python3.9/socket.py first seen with mtime 1729310321.0
File /usr/local/lib/python3.9/site-packages/typing_extensions.py first seen with mtime 1731064960.0
File /usr/local/lib/python3.9/site-packages/allauth/core/context.py first seen with mtime 1731064963.0
File /usr/local/lib/python3.9/site-packages/allauth/account/mixins.py first seen with mtime 1731064963.0
File /usr/local/lib/python3.9/_sitebuiltins.py first seen with mtime 1729310321.0
File /usr/local/lib/python3.9/site-packages/django/core/management/commands/runserver.py first seen with mtime 1731064962.0
File /usr/local/lib/python3.9/site-packages/django/db/models/fields/mixins.py first seen with mtime 1731064962.0
File /usr/local/lib/python3.9/site-packages/django/http/__init__.py first seen with mtime 1731064962.0
File /usr/local/lib/python3.9/dis.py first seen with mtime 1729310321.0
File /usr/local/lib/python3.9/logging/handlers.py first seen with mtime 1729310323.0
File /usr/local/lib/python3.9/site-packages/django/forms/renderers.py first seen with mtime 1731064962.0
File /usr/local/lib/python3.9/site-packages/django/contrib/contenttypes/admin.py first seen with mtime 1731064961.0
File /usr/local/lib/python3.9/encodings/idna.py first seen with mtime 1729310323.0
File /usr/local/lib/python3.9/site-packages/django_prometheus/utils.py first seen with mtime 1731064961.0
File /usr/local/lib/python3.9/site-packages/django/views/decorators/common.py first seen with mtime 1731064962.0
File /usr/local/lib/python3.9/site-packages/cryptography/hazmat/decrepit/ciphers/__init__.py first seen with mtime 1731064963.0
File /usr/local/lib/python3.9/site-packages/allauth/socialaccount/providers/google/__init__.py first seen with mtime 1731064964.0
File /usr/local/lib/python3.9/site-packages/django/conf/urls/__init__.py first seen with mtime 1731064961.0
File /usr/local/lib/python3.9/asyncio/constants.py first seen with mtime 1729310323.0
File /usr/local/lib/python3.9/asyncio/subprocess.py first seen with mtime 1729310323.0
File /usr/local/lib/python3.9/site-packages/cryptography/hazmat/primitives/hashes.py first seen with mtime 1731064963.0
File /usr/local/lib/python3.9/site-packages/django/middleware/__init__.py first seen with mtime 1731064962.0
File /usr/local/lib/python3.9/site-packages/urllib3/util/util.py first seen with mtime 1731064960.0
File /usr/local/lib/python3.9/wsgiref/headers.py first seen with mtime 1729310323.0
File /usr/local/lib/python3.9/site-packages/django/urls/exceptions.py first seen with mtime 1731064962.0
File /usr/local/lib/python3.9/site-packages/django/core/checks/urls.py first seen with mtime 1731064962.0
File /usr/local/lib/python3.9/site-packages/django/templatetags/static.py first seen with mtime 1731064962.0
File /usr/local/lib/python3.9/site-packages/urllib3/contrib/__init__.py first seen with mtime 1731064960.0
File /usr/local/lib/python3.9/email/errors.py first seen with mtime 1729310323.0
File /usr/local/lib/python3.9/warnings.py first seen with mtime 1729310321.0
File /usr/local/lib/python3.9/site-packages/django/contrib/admin/checks.py first seen with mtime 1731064961.0
File /usr/local/lib/python3.9/site-packages/cryptography/hazmat/primitives/_serialization.py first seen with mtime 1731064963.0
File /usr/local/lib/python3.9/site-packages/django/templatetags/i18n.py first seen with mtime 1731064962.0
File /usr/local/lib/python3.9/site-packages/allauth/socialaccount/providers/google/views.py first seen with mtime 1731064964.0
File /usr/local/lib/python3.9/site-packages/django/core/management/commands/__init__.py first seen with mtime 1731064962.0
File /usr/local/lib/python3.9/site-packages/django/contrib/contenttypes/models.py first seen with mtime 1731064961.0
File /usr/local/lib/python3.9/site-packages/django/dispatch/dispatcher.py first seen with mtime 1731064962.0
File /usr/local/lib/python3.9/site-packages/sqlparse/engine/__init__.py first seen with mtime 1731064960.0
File /usr/local/lib/python3.9/gzip.py first seen with mtime 1729310321.0
File /usr/local/lib/python3.9/urllib/request.py first seen with mtime 1729310323.0
File /usr/local/lib/python3.9/site-packages/django/core/checks/templates.py first seen with mtime 1731064962.0
File /usr/local/lib/python3.9/site-packages/django/forms/models.py first seen with mtime 1731064962.0
File /usr/local/lib/python3.9/lib-dynload/grp.cpython-39-x86_64-linux-gnu.so first seen with mtime 1729310302.0
File /usr/local/lib/python3.9/bisect.py first seen with mtime 1729310321.0
File /usr/local/lib/python3.9/getpass.py first seen with mtime 1729310321.0
File /usr/local/lib/python3.9/site-packages/django/contrib/sessions/base_session.py first seen with mtime 1731064962.0
File /usr/local/lib/python3.9/site-packages/django/db/models/base.py first seen with mtime 1731064962.0
File /usr/local/lib/python3.9/site-packages/allauth/utils.py first seen with mtime 1731064963.0
File /usr/local/lib/python3.9/site-packages/django/core/files/uploadhandler.py first seen with mtime 1731064962.0
File /usr/local/lib/python3.9/site-packages/django/utils/connection.py first seen with mtime 1731064962.0
File /usr/local/lib/python3.9/site-packages/django/db/models/sql/query.py first seen with mtime 1731064962.0
File /usr/local/lib/python3.9/asyncio/protocols.py first seen with mtime 1729310323.0
File /usr/local/lib/python3.9/site-packages/django/core/files/base.py first seen with mtime 1731064962.0
File /app/manage.py first seen with mtime 1731056397.120903
File /usr/local/lib/python3.9/site-packages/allauth/socialaccount/apps.py first seen with mtime 1731064964.0
File /usr/local/lib/python3.9/site-packages/django/conf/__init__.py first seen with mtime 1731064961.0
File /usr/local/lib/python3.9/site-packages/django/urls/__init__.py first seen with mtime 1731064962.0
File /usr/local/lib/python3.9/lib-dynload/math.cpython-39-x86_64-linux-gnu.so first seen with mtime 1729310298.0
File /usr/local/lib/python3.9/site-packages/allauth/templates/account first seen with mtime 1731064964.0
File /usr/local/lib/python3.9/site-packages/allauth/templates/usersessions first seen with mtime 1731064964.0
File /usr/local/lib/python3.9/site-packages/allauth/templates/allauth first seen with mtime 1731064964.0
File /usr/local/lib/python3.9/site-packages/allauth/templates/mfa first seen with mtime 1731064964.0
File /usr/local/lib/python3.9/site-packages/allauth/templates/openid first seen with mtime 1731064964.0
File /usr/local/lib/python3.9/site-packages/allauth/templates/socialaccount first seen with mtime 1731064964.0
File /usr/local/lib/python3.9/site-packages/allauth/templates/tests first seen with mtime 1731064964.0
File /usr/local/lib/python3.9/site-packages/allauth/templates/account/password_reset_from_key_done.html first seen with mtime 1731064964.0
File /usr/local/lib/python3.9/site-packages/allauth/templates/account/password_change.html first seen with mtime 1731064964.0
File /usr/local/lib/python3.9/site-packages/allauth/templates/account/password_reset_done.html first seen with mtime 1731064964.0
File /usr/local/lib/python3.9/site-packages/allauth/templates/account/verified_email_required.html first seen with mtime 1731064964.0
File /usr/local/lib/python3.9/site-packages/allauth/templates/account/verification_sent.html first seen with mtime 1731064964.0
File /usr/local/lib/python3.9/site-packages/allauth/templates/account/signup.html first seen with mtime 1731064964.0
File /usr/local/lib/python3.9/site-packages/allauth/templates/account/email_confirm.html first seen with mtime 1731064964.0
File /usr/local/lib/python3.9/site-packages/allauth/templates/account/base_manage_email.html first seen with mtime 1731064964.0
File /usr/local/lib/python3.9/site-packages/allauth/templates/account/snippets first seen with mtime 1731064964.0
File /usr/local/lib/python3.9/site-packages/allauth/templates/account/confirm_login_code.html first seen with mtime 1731064964.0
File /usr/local/lib/python3.9/site-packages/allauth/templates/account/base_entrance.html first seen with mtime 1731064964.0
File /usr/local/lib/python3.9/site-packages/allauth/templates/account/login.html first seen with mtime 1731064964.0
File /usr/local/lib/python3.9/site-packages/allauth/templates/account/email.html first seen with mtime 1731064964.0
File /usr/local/lib/python3.9/site-packages/allauth/templates/account/request_login_code.html first seen with mtime 1731064964.0
File /usr/local/lib/python3.9/site-packages/allauth/templates/account/password_set.html first seen with mtime 1731064964.0
File /usr/local/lib/python3.9/site-packages/allauth/templates/account/email first seen with mtime 1731064964.0
File /usr/local/lib/python3.9/site-packages/allauth/templates/account/password_reset.html first seen with mtime 1731064964.0
File /usr/local/lib/python3.9/site-packages/allauth/templates/account/signup_closed.html first seen with mtime 1731064964.0
File /usr/local/lib/python3.9/site-packages/allauth/templates/account/account_inactive.html first seen with mtime 1731064964.0
File /usr/local/lib/python3.9/site-packages/allauth/templates/account/base_manage.html first seen with mtime 1731064964.0
File /usr/local/lib/python3.9/site-packages/allauth/templates/account/reauthenticate.html first seen with mtime 1731064964.0
File /usr/local/lib/python3.9/site-packages/allauth/templates/account/email_change.html first seen with mtime 1731064964.0
File /usr/local/lib/python3.9/site-packages/allauth/templates/account/messages first seen with mtime 1731064964.0
File /usr/local/lib/python3.9/site-packages/allauth/templates/account/signup_by_passkey.html first seen with mtime 1731064964.0
File /usr/local/lib/python3.9/site-packages/allauth/templates/account/logout.html first seen with mtime 1731064964.0
File /usr/local/lib/python3.9/site-packages/allauth/templates/account/confirm_email_verification_code.html first seen with mtime 1731064964.0
File /usr/local/lib/python3.9/site-packages/allauth/templates/account/password_reset_from_key.html first seen with mtime 1731064964.0
File /usr/local/lib/python3.9/site-packages/allauth/templates/account/base_reauthenticate.html first seen with mtime 1731064964.0
File /usr/local/lib/python3.9/site-packages/allauth/templates/account/base_manage_password.html first seen with mtime 1731064964.0
File /usr/local/lib/python3.9/site-packages/allauth/templates/account/snippets/warn_no_email.html first seen with mtime 1731064964.0
File /usr/local/lib/python3.9/site-packages/allauth/templates/account/snippets/already_logged_in.html first seen with mtime 1731064964.0
File /usr/local/lib/python3.9/site-packages/allauth/templates/account/email/email_confirmation_subject.txt first seen with mtime 1731064964.0
File /usr/local/lib/python3.9/site-packages/allauth/templates/account/email/email_confirmation_signup_subject.txt first seen with mtime 1731064964.0
File /usr/local/lib/python3.9/site-packages/allauth/templates/account/email/email_confirmation_message.txt first seen with mtime 1731064964.0
File /usr/local/lib/python3.9/site-packages/allauth/templates/account/email/base_notification.txt first seen with mtime 1731064964.0
File /usr/local/lib/python3.9/site-packages/allauth/templates/account/email/password_reset_message.txt first seen with mtime 1731064964.0
File /usr/local/lib/python3.9/site-packages/allauth/templates/account/email/password_reset_subject.txt first seen with mtime 1731064964.0
File /usr/local/lib/python3.9/site-packages/allauth/templates/account/email/email_deleted_subject.txt first seen with mtime 1731064964.0
File /usr/local/lib/python3.9/site-packages/allauth/templates/account/email/unknown_account_subject.txt first seen with mtime 1731064964.0
File /usr/local/lib/python3.9/site-packages/allauth/templates/account/email/password_changed_subject.txt first seen with mtime 1731064964.0
File /usr/local/lib/python3.9/site-packages/allauth/templates/account/email/base_message.txt first seen with mtime 1731064964.0
File /usr/local/lib/python3.9/site-packages/allauth/templates/account/email/email_confirmation_signup_message.txt first seen with mtime 1731064964.0
File /usr/local/lib/python3.9/site-packages/allauth/templates/account/email/password_set_message.txt first seen with mtime 1731064964.0
File /usr/local/lib/python3.9/site-packages/allauth/templates/account/email/account_already_exists_subject.txt first seen with mtime 1731064964.0
File /usr/local/lib/python3.9/site-packages/allauth/templates/account/email/password_changed_message.txt first seen with mtime 1731064964.0
File /usr/local/lib/python3.9/site-packages/allauth/templates/account/email/email_changed_subject.txt first seen with mtime 1731064964.0
File /usr/local/lib/python3.9/site-packages/allauth/templates/account/email/login_code_message.txt first seen with mtime 1731064964.0
File /usr/local/lib/python3.9/site-packages/allauth/templates/account/email/password_reset_key_message.txt first seen with mtime 1731064964.0
File /usr/local/lib/python3.9/site-packages/allauth/templates/account/email/email_deleted_message.txt first seen with mtime 1731064964.0
File /usr/local/lib/python3.9/site-packages/allauth/templates/account/email/unknown_account_message.txt first seen with mtime 1731064964.0
File /usr/local/lib/python3.9/site-packages/allauth/templates/account/email/email_changed_message.txt first seen with mtime 1731064964.0
File /usr/local/lib/python3.9/site-packages/allauth/templates/account/email/login_code_subject.txt first seen with mtime 1731064964.0
File /usr/local/lib/python3.9/site-packages/allauth/templates/account/email/account_already_exists_message.txt first seen with mtime 1731064964.0
File /usr/local/lib/python3.9/site-packages/allauth/templates/account/email/email_confirm_message.txt first seen with mtime 1731064964.0
File /usr/local/lib/python3.9/site-packages/allauth/templates/account/email/email_confirm_subject.txt first seen with mtime 1731064964.0
File /usr/local/lib/python3.9/site-packages/allauth/templates/account/email/password_set_subject.txt first seen with mtime 1731064964.0
File /usr/local/lib/python3.9/site-packages/allauth/templates/account/email/password_reset_key_subject.txt first seen with mtime 1731064964.0
File /usr/local/lib/python3.9/site-packages/allauth/templates/account/messages/email_confirmation_sent.txt first seen with mtime 1731064964.0
File /usr/local/lib/python3.9/site-packages/allauth/templates/account/messages/login_code_sent.txt first seen with mtime 1731064964.0
File /usr/local/lib/python3.9/site-packages/allauth/templates/account/messages/cannot_delete_primary_email.txt first seen with mtime 1731064964.0
File /usr/local/lib/python3.9/site-packages/allauth/templates/account/messages/email_confirmation_failed.txt first seen with mtime 1731064964.0
File /usr/local/lib/python3.9/site-packages/allauth/templates/account/messages/email_confirmed.txt first seen with mtime 1731064964.0
File /usr/local/lib/python3.9/site-packages/allauth/templates/account/messages/password_set.txt first seen with mtime 1731064964.0
File /usr/local/lib/python3.9/site-packages/allauth/templates/account/messages/logged_in.txt first seen with mtime 1731064964.0
File /usr/local/lib/python3.9/site-packages/allauth/templates/account/messages/email_deleted.txt first seen with mtime 1731064964.0
File /usr/local/lib/python3.9/site-packages/allauth/templates/account/messages/primary_email_set.txt first seen with mtime 1731064964.0
File /usr/local/lib/python3.9/site-packages/allauth/templates/account/messages/unverified_primary_email.txt first seen with mtime 1731064964.0
File /usr/local/lib/python3.9/site-packages/allauth/templates/account/messages/password_changed.txt first seen with mtime 1731064964.0
File /usr/local/lib/python3.9/site-packages/allauth/templates/account/messages/logged_out.txt first seen with mtime 1731064964.0
File /usr/local/lib/python3.9/site-packages/allauth/templates/usersessions/base_manage.html first seen with mtime 1731064964.0
File /usr/local/lib/python3.9/site-packages/allauth/templates/usersessions/messages first seen with mtime 1731064964.0
File /usr/local/lib/python3.9/site-packages/allauth/templates/usersessions/usersession_list.html first seen with mtime 1731064964.0
File /usr/local/lib/python3.9/site-packages/allauth/templates/usersessions/messages/sessions_logged_out.txt first seen with mtime 1731064964.0
File /usr/local/lib/python3.9/site-packages/allauth/templates/allauth/layouts first seen with mtime 1731064964.0
File /usr/local/lib/python3.9/site-packages/allauth/templates/allauth/elements first seen with mtime 1731064964.0
File /usr/local/lib/python3.9/site-packages/allauth/templates/allauth/layouts/entrance.html first seen with mtime 1731064964.0
File /usr/local/lib/python3.9/site-packages/allauth/templates/allauth/layouts/base.html first seen with mtime 1731064964.0
File /usr/local/lib/python3.9/site-packages/allauth/templates/allauth/layouts/manage.html first seen with mtime 1731064964.0
File /usr/local/lib/python3.9/site-packages/allauth/templates/allauth/elements/thead.html first seen with mtime 1731064964.0
File /usr/local/lib/python3.9/site-packages/allauth/templates/allauth/elements/form.html first seen with mtime 1731064964.0
File /usr/local/lib/python3.9/site-packages/allauth/templates/allauth/elements/fields.html first seen with mtime 1731064964.0
File /usr/local/lib/python3.9/site-packages/allauth/templates/allauth/elements/p.html first seen with mtime 1731064964.0
File /usr/local/lib/python3.9/site-packages/allauth/templates/allauth/elements/img.html first seen with mtime 1731064964.0
File /usr/local/lib/python3.9/site-packages/allauth/templates/allauth/elements/button_group.html first seen with mtime 1731064964.0
File /usr/local/lib/python3.9/site-packages/allauth/templates/allauth/elements/provider.html first seen with mtime 1731064964.0
File /usr/local/lib/python3.9/site-packages/allauth/templates/allauth/elements/table.html first seen with mtime 1731064964.0
File /usr/local/lib/python3.9/site-packages/allauth/templates/allauth/elements/provider_list.html first seen with mtime 1731064964.0
File /usr/local/lib/python3.9/site-packages/allauth/templates/allauth/elements/th.html first seen with mtime 1731064964.0
File /usr/local/lib/python3.9/site-packages/allauth/templates/allauth/elements/td.html first seen with mtime 1731064964.0
File /usr/local/lib/python3.9/site-packages/allauth/templates/allauth/elements/field.html first seen with mtime 1731064964.0
File /usr/local/lib/python3.9/site-packages/allauth/templates/allauth/elements/alert.html first seen with mtime 1731064964.0
File /usr/local/lib/python3.9/site-packages/allauth/templates/allauth/elements/tr.html first seen with mtime 1731064964.0
File /usr/local/lib/python3.9/site-packages/allauth/templates/allauth/elements/h1.html first seen with mtime 1731064964.0
File /usr/local/lib/python3.9/site-packages/allauth/templates/allauth/elements/h2.html first seen with mtime 1731064964.0
File /usr/local/lib/python3.9/site-packages/allauth/templates/allauth/elements/hr.html first seen with mtime 1731064964.0
File /usr/local/lib/python3.9/site-packages/allauth/templates/allauth/elements/panel.html first seen with mtime 1731064964.0
File /usr/local/lib/python3.9/site-packages/allauth/templates/allauth/elements/button.html first seen with mtime 1731064964.0
File /usr/local/lib/python3.9/site-packages/allauth/templates/allauth/elements/badge.html first seen with mtime 1731064964.0
File /usr/local/lib/python3.9/site-packages/allauth/templates/allauth/elements/tbody.html first seen with mtime 1731064964.0
File /usr/local/lib/python3.9/site-packages/allauth/templates/mfa/totp first seen with mtime 1731064964.0
File /usr/local/lib/python3.9/site-packages/allauth/templates/mfa/authenticate.html first seen with mtime 1731064964.0
File /usr/local/lib/python3.9/site-packages/allauth/templates/mfa/recovery_codes first seen with mtime 1731064964.0
File /usr/local/lib/python3.9/site-packages/allauth/templates/mfa/index.html first seen with mtime 1731064964.0
File /usr/local/lib/python3.9/site-packages/allauth/templates/mfa/base_entrance.html first seen with mtime 1731064964.0
File /usr/local/lib/python3.9/site-packages/allauth/templates/mfa/email first seen with mtime 1731064964.0
File /usr/local/lib/python3.9/site-packages/allauth/templates/mfa/base_manage.html first seen with mtime 1731064964.0
File /usr/local/lib/python3.9/site-packages/allauth/templates/mfa/reauthenticate.html first seen with mtime 1731064964.0
File /usr/local/lib/python3.9/site-packages/allauth/templates/mfa/webauthn first seen with mtime 1731064964.0
File /usr/local/lib/python3.9/site-packages/allauth/templates/mfa/messages first seen with mtime 1731064964.0
File /usr/local/lib/python3.9/site-packages/allauth/templates/mfa/totp/deactivate_form.html first seen with mtime 1731064964.0
File /usr/local/lib/python3.9/site-packages/allauth/templates/mfa/totp/base.html first seen with mtime 1731064964.0
File /usr/local/lib/python3.9/site-packages/allauth/templates/mfa/totp/activate_form.html first seen with mtime 1731064964.0
File /usr/local/lib/python3.9/site-packages/allauth/templates/mfa/recovery_codes/index.html first seen with mtime 1731064964.0
File /usr/local/lib/python3.9/site-packages/allauth/templates/mfa/recovery_codes/generate.html first seen with mtime 1731064964.0
File /usr/local/lib/python3.9/site-packages/allauth/templates/mfa/recovery_codes/base.html first seen with mtime 1731064964.0
File /usr/local/lib/python3.9/site-packages/allauth/templates/mfa/recovery_codes/download.txt first seen with mtime 1731064964.0
File /usr/local/lib/python3.9/site-packages/allauth/templates/mfa/email/webauthn_removed_subject.txt first seen with mtime 1731064964.0
File /usr/local/lib/python3.9/site-packages/allauth/templates/mfa/email/totp_activated_message.txt first seen with mtime 1731064964.0
File /usr/local/lib/python3.9/site-packages/allauth/templates/mfa/email/totp_deactivated_message.txt first seen with mtime 1731064964.0
File /usr/local/lib/python3.9/site-packages/allauth/templates/mfa/email/webauthn_added_subject.txt first seen with mtime 1731064964.0
File /usr/local/lib/python3.9/site-packages/allauth/templates/mfa/email/webauthn_added_message.txt first seen with mtime 1731064964.0
File /usr/local/lib/python3.9/site-packages/allauth/templates/mfa/email/totp_deactivated_subject.txt first seen with mtime 1731064964.0
File /usr/local/lib/python3.9/site-packages/allauth/templates/mfa/email/totp_activated_subject.txt first seen with mtime 1731064964.0
File /usr/local/lib/python3.9/site-packages/allauth/templates/mfa/email/recovery_codes_generated_message.txt first seen with mtime 1731064964.0
File /usr/local/lib/python3.9/site-packages/allauth/templates/mfa/email/recovery_codes_generated_subject.txt first seen with mtime 1731064964.0
File /usr/local/lib/python3.9/site-packages/allauth/templates/mfa/email/webauthn_removed_message.txt first seen with mtime 1731064964.0
File /usr/local/lib/python3.9/site-packages/allauth/templates/mfa/webauthn/add_form.html first seen with mtime 1731064964.0
File /usr/local/lib/python3.9/site-packages/allauth/templates/mfa/webauthn/edit_form.html first seen with mtime 1731064964.0
File /usr/local/lib/python3.9/site-packages/allauth/templates/mfa/webauthn/snippets first seen with mtime 1731064964.0
File /usr/local/lib/python3.9/site-packages/allauth/templates/mfa/webauthn/base.html first seen with mtime 1731064964.0
File /usr/local/lib/python3.9/site-packages/allauth/templates/mfa/webauthn/signup_form.html first seen with mtime 1731064964.0
File /usr/local/lib/python3.9/site-packages/allauth/templates/mfa/webauthn/authenticator_list.html first seen with mtime 1731064964.0
File /usr/local/lib/python3.9/site-packages/allauth/templates/mfa/webauthn/reauthenticate.html first seen with mtime 1731064964.0
File /usr/local/lib/python3.9/site-packages/allauth/templates/mfa/webauthn/authenticator_confirm_delete.html first seen with mtime 1731064964.0
File /usr/local/lib/python3.9/site-packages/allauth/templates/mfa/webauthn/snippets/login_script.html first seen with mtime 1731064964.0
File /usr/local/lib/python3.9/site-packages/allauth/templates/mfa/webauthn/snippets/scripts.html first seen with mtime 1731064964.0
File /usr/local/lib/python3.9/site-packages/allauth/templates/mfa/messages/recovery_codes_generated.txt first seen with mtime 1731064964.0
File /usr/local/lib/python3.9/site-packages/allauth/templates/mfa/messages/webauthn_removed.txt first seen with mtime 1731064964.0
File /usr/local/lib/python3.9/site-packages/allauth/templates/mfa/messages/totp_deactivated.txt first seen with mtime 1731064964.0
File /usr/local/lib/python3.9/site-packages/allauth/templates/mfa/messages/totp_activated.txt first seen with mtime 1731064964.0
File /usr/local/lib/python3.9/site-packages/allauth/templates/mfa/messages/webauthn_added.txt first seen with mtime 1731064964.0
File /usr/local/lib/python3.9/site-packages/allauth/templates/openid/base.html first seen with mtime 1731064964.0
File /usr/local/lib/python3.9/site-packages/allauth/templates/openid/login.html first seen with mtime 1731064964.0
File /usr/local/lib/python3.9/site-packages/allauth/templates/socialaccount/login_cancelled.html first seen with mtime 1731064964.0
File /usr/local/lib/python3.9/site-packages/allauth/templates/socialaccount/authentication_error.html first seen with mtime 1731064964.0
File /usr/local/lib/python3.9/site-packages/allauth/templates/socialaccount/signup.html first seen with mtime 1731064964.0
File /usr/local/lib/python3.9/site-packages/allauth/templates/socialaccount/snippets first seen with mtime 1731064964.0
File /usr/local/lib/python3.9/site-packages/allauth/templates/socialaccount/base_entrance.html first seen with mtime 1731064964.0
File /usr/local/lib/python3.9/site-packages/allauth/templates/socialaccount/login.html first seen with mtime 1731064964.0
File /usr/local/lib/python3.9/site-packages/allauth/templates/socialaccount/email first seen with mtime 1731064964.0
File /usr/local/lib/python3.9/site-packages/allauth/templates/socialaccount/base_manage.html first seen with mtime 1731064964.0
File /usr/local/lib/python3.9/site-packages/allauth/templates/socialaccount/connections.html first seen with mtime 1731064964.0
File /usr/local/lib/python3.9/site-packages/allauth/templates/socialaccount/messages first seen with mtime 1731064964.0
File /usr/local/lib/python3.9/site-packages/allauth/templates/socialaccount/login_redirect.html first seen with mtime 1731064964.0
File /usr/local/lib/python3.9/site-packages/allauth/templates/socialaccount/snippets/login.html first seen with mtime 1731064964.0
File /usr/local/lib/python3.9/site-packages/allauth/templates/socialaccount/snippets/provider_list.html first seen with mtime 1731064964.0
File /usr/local/lib/python3.9/site-packages/allauth/templates/socialaccount/snippets/login_extra.html first seen with mtime 1731064964.0
File /usr/local/lib/python3.9/site-packages/allauth/templates/socialaccount/email/account_disconnected_message.txt first seen with mtime 1731064964.0
File /usr/local/lib/python3.9/site-packages/allauth/templates/socialaccount/email/account_disconnected_subject.txt first seen with mtime 1731064964.0
File /usr/local/lib/python3.9/site-packages/allauth/templates/socialaccount/email/account_connected_message.txt first seen with mtime 1731064964.0
File /usr/local/lib/python3.9/site-packages/allauth/templates/socialaccount/email/account_connected_subject.txt first seen with mtime 1731064964.0
File /usr/local/lib/python3.9/site-packages/allauth/templates/socialaccount/messages/account_connected_updated.txt first seen with mtime 1731064964.0
File /usr/local/lib/python3.9/site-packages/allauth/templates/socialaccount/messages/account_connected.txt first seen with mtime 1731064964.0
File /usr/local/lib/python3.9/site-packages/allauth/templates/socialaccount/messages/account_connected_other.txt first seen with mtime 1731064964.0
File /usr/local/lib/python3.9/site-packages/allauth/templates/socialaccount/messages/account_disconnected.txt first seen with mtime 1731064964.0
File /usr/local/lib/python3.9/site-packages/allauth/templates/tests/test_403_csrf.html first seen with mtime 1731064964.0
File /usr/local/lib/python3.9/site-packages/allauth/locale/sk/LC_MESSAGES/django.mo first seen with mtime 1731064964.0
File /usr/local/lib/python3.9/site-packages/allauth/locale/lt/LC_MESSAGES/django.mo first seen with mtime 1731064964.0
File /usr/local/lib/python3.9/site-packages/allauth/locale/fr/LC_MESSAGES/django.mo first seen with mtime 1731064964.0
File /usr/local/lib/python3.9/site-packages/allauth/locale/ka/LC_MESSAGES/django.mo first seen with mtime 1731064964.0
File /usr/local/lib/python3.9/site-packages/allauth/locale/fa/LC_MESSAGES/django.mo first seen with mtime 1731064964.0
File /usr/local/lib/python3.9/site-packages/allauth/locale/zh_Hans/LC_MESSAGES/django.mo first seen with mtime 1731064964.0
File /usr/local/lib/python3.9/site-packages/allauth/locale/ro/LC_MESSAGES/django.mo first seen with mtime 1731064964.0
File /usr/local/lib/python3.9/site-packages/allauth/locale/en/LC_MESSAGES/django.mo first seen with mtime 1731064964.0
File /usr/local/lib/python3.9/site-packages/allauth/locale/ca/LC_MESSAGES/django.mo first seen with mtime 1731064964.0
File /usr/local/lib/python3.9/site-packages/allauth/locale/uz/LC_MESSAGES/django.mo first seen with mtime 1731064964.0
File /usr/local/lib/python3.9/site-packages/allauth/locale/nl/LC_MESSAGES/django.mo first seen with mtime 1731064964.0
File /usr/local/lib/python3.9/site-packages/allauth/locale/sr/LC_MESSAGES/django.mo first seen with mtime 1731064964.0
File /usr/local/lib/python3.9/site-packages/allauth/locale/nb/LC_MESSAGES/django.mo first seen with mtime 1731064964.0
File /usr/local/lib/python3.9/site-packages/allauth/locale/da/LC_MESSAGES/django.mo first seen with mtime 1731064964.0
File /usr/local/lib/python3.9/site-packages/allauth/locale/ja/LC_MESSAGES/django.mo first seen with mtime 1731064964.0
File /usr/local/lib/python3.9/site-packages/allauth/locale/hu/LC_MESSAGES/django.mo first seen with mtime 1731064964.0
File /usr/local/lib/python3.9/site-packages/allauth/locale/tr/LC_MESSAGES/django.mo first seen with mtime 1731064964.0
File /usr/local/lib/python3.9/site-packages/allauth/locale/eu/LC_MESSAGES/django.mo first seen with mtime 1731064964.0
File /usr/local/lib/python3.9/site-packages/allauth/locale/th/LC_MESSAGES/django.mo first seen with mtime 1731064964.0
File /usr/local/lib/python3.9/site-packages/allauth/locale/sv/LC_MESSAGES/django.mo first seen with mtime 1731064964.0
File /usr/local/lib/python3.9/site-packages/allauth/locale/it/LC_MESSAGES/django.mo first seen with mtime 1731064964.0
File /usr/local/lib/python3.9/site-packages/allauth/locale/bg/LC_MESSAGES/django.mo first seen with mtime 1731064964.0
File /usr/local/lib/python3.9/site-packages/allauth/locale/hr/LC_MESSAGES/django.mo first seen with mtime 1731064964.0
File /usr/local/lib/python3.9/site-packages/allauth/locale/cs/LC_MESSAGES/django.mo first seen with mtime 1731064964.0
File /usr/local/lib/python3.9/site-packages/allauth/locale/id/LC_MESSAGES/django.mo first seen with mtime 1731064964.0
File /usr/local/lib/python3.9/site-packages/allauth/locale/de/LC_MESSAGES/django.mo first seen with mtime 1731064964.0
File /usr/local/lib/python3.9/site-packages/allauth/locale/el/LC_MESSAGES/django.mo first seen with mtime 1731064964.0
File /usr/local/lib/python3.9/site-packages/allauth/locale/sr_Latn/LC_MESSAGES/django.mo first seen with mtime 1731064964.0
File /usr/local/lib/python3.9/site-packages/allauth/locale/es/LC_MESSAGES/django.mo first seen with mtime 1731064964.0
File /usr/local/lib/python3.9/site-packages/allauth/locale/az/LC_MESSAGES/django.mo first seen with mtime 1731064964.0
File /usr/local/lib/python3.9/site-packages/allauth/locale/ru/LC_MESSAGES/django.mo first seen with mtime 1731064964.0
File /usr/local/lib/python3.9/site-packages/allauth/locale/uk/LC_MESSAGES/django.mo first seen with mtime 1731064964.0
File /usr/local/lib/python3.9/site-packages/allauth/locale/ar/LC_MESSAGES/django.mo first seen with mtime 1731064964.0
File /usr/local/lib/python3.9/site-packages/allauth/locale/pt_BR/LC_MESSAGES/django.mo first seen with mtime 1731064964.0
File /usr/local/lib/python3.9/site-packages/allauth/locale/ky/LC_MESSAGES/django.mo first seen with mtime 1731064964.0
File /usr/local/lib/python3.9/site-packages/allauth/locale/et/LC_MESSAGES/django.mo first seen with mtime 1731064964.0
File /usr/local/lib/python3.9/site-packages/allauth/locale/pl/LC_MESSAGES/django.mo first seen with mtime 1731064964.0
File /usr/local/lib/python3.9/site-packages/allauth/locale/zh_Hant/LC_MESSAGES/django.mo first seen with mtime 1731064964.0
File /usr/local/lib/python3.9/site-packages/allauth/locale/fi/LC_MESSAGES/django.mo first seen with mtime 1731064964.0
File /usr/local/lib/python3.9/site-packages/allauth/locale/ko/LC_MESSAGES/django.mo first seen with mtime 1731064964.0
File /usr/local/lib/python3.9/site-packages/allauth/locale/he/LC_MESSAGES/django.mo first seen with mtime 1731064964.0
File /usr/local/lib/python3.9/site-packages/allauth/locale/sl/LC_MESSAGES/django.mo first seen with mtime 1731064964.0
File /usr/local/lib/python3.9/site-packages/allauth/locale/mn/LC_MESSAGES/django.mo first seen with mtime 1731064964.0
File /usr/local/lib/python3.9/site-packages/allauth/locale/lv/LC_MESSAGES/django.mo first seen with mtime 1731064964.0
File /usr/local/lib/python3.9/site-packages/allauth/locale/pt_PT/LC_MESSAGES/django.mo first seen with mtime 1731064964.0
File /usr/local/lib/python3.9/site-packages/django/contrib/auth/migrations/0011_update_proxy_permissions.py first seen with mtime 1731064961.0
File /usr/local/lib/python3.9/site-packages/django/contrib/admin/migrations/0002_logentry_remove_auto_add.py first seen with mtime 1731064961.0
File /usr/local/lib/python3.9/site-packages/django/contrib/auth/migrations/0012_alter_user_first_name_max_length.py first seen with mtime 1731064961.0
File /app/myproject/wsgi.py first seen with mtime 1731056397.132034
File /usr/local/lib/python3.9/site-packages/allauth/account/migrations/0004_alter_emailaddress_drop_unique_email.py first seen with mtime 1731064963.0
File /usr/local/lib/python3.9/site-packages/allauth/socialaccount/migrations/0004_app_provider_id_settings.py first seen with mtime 1731064964.0
File /usr/local/lib/python3.9/site-packages/allauth/account/migrations/0005_emailaddress_idx_upper_email.py first seen with mtime 1731064963.0
File /usr/local/lib/python3.9/site-packages/allauth/account/migrations/0008_emailaddress_unique_primary_email_fixup.py first seen with mtime 1731064963.0
File /usr/local/lib/python3.9/site-packages/allauth/account/migrations/0002_email_max_length.py first seen with mtime 1731064963.0
File /usr/local/lib/python3.9/site-packages/django/contrib/admin/migrations/__init__.py first seen with mtime 1731064961.0
File /usr/local/lib/python3.9/site-packages/allauth/socialaccount/migrations/0002_token_max_lengths.py first seen with mtime 1731064964.0
File /usr/local/lib/python3.9/site-packages/allauth/socialaccount/migrations/0005_socialtoken_nullable_app.py first seen with mtime 1731064964.0
File /usr/local/lib/python3.9/site-packages/django/contrib/auth/migrations/__init__.py first seen with mtime 1731064961.0
File /usr/local/lib/python3.9/site-packages/django/db/migrations/executor.py first seen with mtime 1731064962.0
File /usr/local/lib/python3.9/site-packages/django/contrib/messages/middleware.py first seen with mtime 1731064962.0
File /usr/local/lib/python3.9/site-packages/django/db/models/sql/compiler.py first seen with mtime 1731064962.0
File /usr/local/lib/python3.9/site-packages/django/db/migrations/graph.py first seen with mtime 1731064962.0
File /usr/local/lib/python3.9/site-packages/django/contrib/sites/migrations/__init__.py first seen with mtime 1731064962.0
File /usr/local/lib/python3.9/site-packages/allauth/socialaccount/migrations/__init__.py first seen with mtime 1731064964.0
File /usr/local/lib/python3.9/site-packages/allauth/account/migrations/0006_emailaddress_lower.py first seen with mtime 1731064963.0
File /usr/local/lib/python3.9/site-packages/django/db/migrations/recorder.py first seen with mtime 1731064962.0
File /usr/local/lib/python3.9/site-packages/django/contrib/contenttypes/migrations/0001_initial.py first seen with mtime 1731064961.0
File /usr/local/lib/python3.9/site-packages/django/contrib/sites/migrations/0002_alter_domain_unique.py first seen with mtime 1731064962.0
File /usr/local/lib/python3.9/site-packages/django/contrib/auth/migrations/0005_alter_user_last_login_null.py first seen with mtime 1731064961.0
File /usr/local/lib/python3.9/site-packages/allauth/account/migrations/0001_initial.py first seen with mtime 1731064963.0
File /usr/local/lib/python3.9/site-packages/allauth/socialaccount/migrations/0003_extra_data_default_dict.py first seen with mtime 1731064964.0
File /usr/local/lib/python3.9/site-packages/django/contrib/auth/migrations/0009_alter_user_last_name_max_length.py first seen with mtime 1731064961.0
File /usr/local/lib/python3.9/site-packages/django/middleware/clickjacking.py first seen with mtime 1731064962.0
File /usr/local/lib/python3.9/site-packages/django/contrib/auth/migrations/0002_alter_permission_name_max_length.py first seen with mtime 1731064961.0
File /usr/local/lib/python3.9/site-packages/allauth/account/migrations/0003_alter_emailaddress_create_unique_verified_email.py first seen with mtime 1731064963.0
File /usr/local/lib/python3.9/site-packages/django/db/migrations/loader.py first seen with mtime 1731064962.0
File /usr/local/lib/python3.9/site-packages/django/views/csrf.py first seen with mtime 1731064962.0
File /usr/local/lib/python3.9/site-packages/django/contrib/auth/migrations/0003_alter_user_email_max_length.py first seen with mtime 1731064961.0
File /usr/local/lib/python3.9/site-packages/django/contrib/auth/migrations/0007_alter_validators_add_error_messages.py first seen with mtime 1731064961.0
File /usr/local/lib/python3.9/site-packages/django/contrib/auth/migrations/0010_alter_group_name_max_length.py first seen with mtime 1731064961.0
File /usr/local/lib/python3.9/site-packages/django/contrib/admin/migrations/0001_initial.py first seen with mtime 1731064961.0
File /usr/local/lib/python3.9/site-packages/django/contrib/auth/migrations/0004_alter_user_username_opts.py first seen with mtime 1731064961.0
File /usr/local/lib/python3.9/site-packages/django/contrib/sessions/migrations/__init__.py first seen with mtime 1731064962.0
File /usr/local/lib/python3.9/site-packages/allauth/account/migrations/0009_emailaddress_unique_primary_email.py first seen with mtime 1731064963.0
File /usr/local/lib/python3.9/site-packages/django/contrib/auth/migrations/0001_initial.py first seen with mtime 1731064961.0
File /usr/local/lib/python3.9/site-packages/django/contrib/contenttypes/migrations/__init__.py first seen with mtime 1731064961.0
File /usr/local/lib/python3.9/site-packages/django/core/cache/backends/locmem.py first seen with mtime 1731064962.0
File /usr/local/lib/python3.9/site-packages/django/contrib/sites/migrations/0001_initial.py first seen with mtime 1731064962.0
File /usr/local/lib/python3.9/site-packages/allauth/socialaccount/migrations/0001_initial.py first seen with mtime 1731064964.0
File /usr/local/lib/python3.9/site-packages/django/contrib/sessions/backends/db.py first seen with mtime 1731064962.0
File /usr/local/lib/python3.9/site-packages/django/contrib/admin/migrations/0003_logentry_add_action_flag_choices.py first seen with mtime 1731064961.0
File /usr/local/lib/python3.9/site-packages/allauth/account/migrations/__init__.py first seen with mtime 1731064963.0
File /usr/local/lib/python3.9/site-packages/django/contrib/auth/migrations/0006_require_contenttypes_0002.py first seen with mtime 1731064961.0
File /usr/local/lib/python3.9/site-packages/allauth/account/migrations/0007_emailaddress_idx_email.py first seen with mtime 1731064963.0
File /usr/local/lib/python3.9/site-packages/django/contrib/auth/migrations/0008_alter_user_username_max_length.py first seen with mtime 1731064961.0
File /usr/local/lib/python3.9/site-packages/django/contrib/sessions/migrations/0001_initial.py first seen with mtime 1731064962.0
File /usr/local/lib/python3.9/site-packages/allauth/socialaccount/migrations/0006_alter_socialaccount_extra_data.py first seen with mtime 1731064964.0
File /usr/local/lib/python3.9/site-packages/django/contrib/contenttypes/migrations/0002_remove_content_type_name.py first seen with mtime 1731064961.0
Exception while resolving variable 'name' in template 'unknown'.
Traceback (most recent call last):
  File "/usr/local/lib/python3.9/site-packages/django/core/handlers/exception.py", line 55, in inner
    response = get_response(request)
  File "/usr/local/lib/python3.9/site-packages/django/core/handlers/base.py", line 181, in _get_response
    callback, callback_args, callback_kwargs = self.resolve_request(request)
  File "/usr/local/lib/python3.9/site-packages/django/core/handlers/base.py", line 313, in resolve_request
    resolver_match = resolver.resolve(request.path_info)
  File "/usr/local/lib/python3.9/site-packages/django/urls/resolvers.py", line 702, in resolve
    raise Resolver404({"tried": tried, "path": new_path})
django.urls.exceptions.Resolver404: {'tried': [[<URLResolver <URLPattern list> (admin:admin) 'admin/'>], [<URLResolver <module 'allauth.urls' from '/usr/local/lib/python3.9/site-packages/allauth/urls.py'> (None:None) 'accounts/'>], [<URLResolver <module 'django_prometheus.urls' from '/usr/local/lib/python3.9/site-packages/django_prometheus/urls.py'> (None:None) ''>, <URLPattern 'metrics' [name='prometheus-django-metrics']>]], 'path': ''}

During handling of the above exception, another exception occurred:

Traceback (most recent call last):
  File "/usr/local/lib/python3.9/site-packages/django/template/base.py", line 880, in _resolve_lookup
    current = current[bit]
TypeError: 'URLResolver' object is not subscriptable

During handling of the above exception, another exception occurred:

Traceback (most recent call last):
  File "/usr/local/lib/python3.9/site-packages/django/template/base.py", line 890, in _resolve_lookup
    current = getattr(current, bit)
AttributeError: 'URLResolver' object has no attribute 'name'

During handling of the above exception, another exception occurred:

Traceback (most recent call last):
  File "/usr/local/lib/python3.9/site-packages/django/template/base.py", line 896, in _resolve_lookup
    current = current[int(bit)]
ValueError: invalid literal for int() with base 10: 'name'

During handling of the above exception, another exception occurred:

Traceback (most recent call last):
  File "/usr/local/lib/python3.9/site-packages/django/template/base.py", line 903, in _resolve_lookup
    raise VariableDoesNotExist(
django.template.base.VariableDoesNotExist: Failed lookup for key [name] in <URLResolver <URLPattern list> (admin:admin) 'admin/'>
Exception while resolving variable 'name' in template 'unknown'.
Traceback (most recent call last):
  File "/usr/local/lib/python3.9/site-packages/django/core/handlers/exception.py", line 55, in inner
    response = get_response(request)
  File "/usr/local/lib/python3.9/site-packages/django/core/handlers/base.py", line 181, in _get_response
    callback, callback_args, callback_kwargs = self.resolve_request(request)
  File "/usr/local/lib/python3.9/site-packages/django/core/handlers/base.py", line 313, in resolve_request
    resolver_match = resolver.resolve(request.path_info)
  File "/usr/local/lib/python3.9/site-packages/django/urls/resolvers.py", line 702, in resolve
    raise Resolver404({"tried": tried, "path": new_path})
django.urls.exceptions.Resolver404: {'tried': [[<URLResolver <URLPattern list> (admin:admin) 'admin/'>], [<URLResolver <module 'allauth.urls' from '/usr/local/lib/python3.9/site-packages/allauth/urls.py'> (None:None) 'accounts/'>], [<URLResolver <module 'django_prometheus.urls' from '/usr/local/lib/python3.9/site-packages/django_prometheus/urls.py'> (None:None) ''>, <URLPattern 'metrics' [name='prometheus-django-metrics']>]], 'path': ''}

During handling of the above exception, another exception occurred:

Traceback (most recent call last):
  File "/usr/local/lib/python3.9/site-packages/django/template/base.py", line 880, in _resolve_lookup
    current = current[bit]
TypeError: 'URLResolver' object is not subscriptable

During handling of the above exception, another exception occurred:

Traceback (most recent call last):
  File "/usr/local/lib/python3.9/site-packages/django/template/base.py", line 890, in _resolve_lookup
    current = getattr(current, bit)
AttributeError: 'URLResolver' object has no attribute 'name'

During handling of the above exception, another exception occurred:

Traceback (most recent call last):
  File "/usr/local/lib/python3.9/site-packages/django/template/base.py", line 896, in _resolve_lookup
    current = current[int(bit)]
ValueError: invalid literal for int() with base 10: 'name'

During handling of the above exception, another exception occurred:

Traceback (most recent call last):
  File "/usr/local/lib/python3.9/site-packages/django/template/base.py", line 903, in _resolve_lookup
    raise VariableDoesNotExist(
django.template.base.VariableDoesNotExist: Failed lookup for key [name] in <URLResolver <module 'allauth.urls' from '/usr/local/lib/python3.9/site-packages/allauth/urls.py'> (None:None) 'accounts/'>
Not Found: /
"GET / HTTP/1.1" 404 2360
File /usr/local/lib/python3.9/site-packages/django/contrib/messages/storage/session.py first seen with mtime 1731064962.0
File /usr/local/lib/python3.9/site-packages/django/contrib/messages/storage/cookie.py first seen with mtime 1731064962.0
File /usr/local/lib/python3.9/site-packages/django/contrib/messages/storage/fallback.py first seen with mtime 1731064962.0
File /usr/local/lib/python3.9/site-packages/django/contrib/sessions/serializers.py first seen with mtime 1731064962.0
